d:\netxpto\linkplanner\sdf\cv_system\debug\vc140.pdb
d:\netxpto\linkplanner\sdf\cv_system\debug\vc140.idb
d:\netxpto\linkplanner\sdf\cv_system\debug\discarder.obj
d:\netxpto\linkplanner\sdf\cv_system\debug\discrete_to_continuous_time.obj
d:\netxpto\linkplanner\sdf\cv_system\debug\ideal_amplifier.obj
d:\netxpto\linkplanner\sdf\cv_system\debug\iq_modulator.obj
d:\netxpto\linkplanner\sdf\cv_system\debug\m_qam_mapper.obj
d:\netxpto\linkplanner\sdf\cv_system\debug\m_qam_transmitter.obj
d:\netxpto\linkplanner\sdf\cv_system\debug\netxpto.obj
d:\netxpto\linkplanner\sdf\cv_system\debug\pulse_shaper.obj
d:\netxpto\linkplanner\sdf\cv_system\debug\sink.obj
d:\netxpto\linkplanner\sdf\cv_system\debug\super_block_interface.obj
d:\netxpto\linkplanner\sdf\cv_system\debug\ti_amplifier.obj
d:\netxpto\linkplanner\sdf\cv_system\debug\white_noise.obj
d:\netxpto\linkplanner\sdf\cv_system\debug\add.obj
d:\netxpto\linkplanner\sdf\cv_system\debug\binary_source.obj
d:\netxpto\linkplanner\sdf\cv_system\debug\bit_decider.obj
d:\netxpto\linkplanner\sdf\cv_system\debug\balanced_beam_splitter.obj
d:\netxpto\linkplanner\sdf\cv_system\debug\safety_study.tlog\cl.command.1.tlog
d:\netxpto\linkplanner\sdf\cv_system\debug\safety_study.tlog\cl.read.1.tlog
d:\netxpto\linkplanner\sdf\cv_system\debug\safety_study.tlog\cl.write.1.tlog
