  safety_study.cpp
  sink.cpp
  sampler.cpp
d:\netxpto\linkplanner\lib\sampler.cpp(26): warning C4244: 'initializing': conversion from 'double' to 'int', possible loss of data
  pulse_shaper.cpp
  netxpto.cpp
  m_qam_transmitter.cpp
  m_qam_mapper.cpp
  iq_modulator.cpp
  ideal_amplifier.cpp
  electrical_filter.cpp
  discrete_to_continuous_time.cpp
  binary_source.cpp
  balanced_beam_splitter.cpp
  add.cpp
  Generating Code...
  Skipping... (no relevant changes detected)
  white_noise.cpp
  ti_amplifier.cpp
  testblock.cpp
  super_block_interface.cpp
  photodiode.cpp
  optical_hybrid.cpp
  local_oscillator.cpp
  i_homodyne_receiver.cpp
  discarder.cpp
  bit_error_rate.cpp
  bit_decider.cpp
  safety_study.vcxproj -> D:\netxpto\LinkPlanner\sdf\cv_system\Debug\safety_study.exe
  safety_study.vcxproj -> D:\netxpto\LinkPlanner\sdf\cv_system\Debug\safety_study.pdb (Full PDB)
