C:\Program Files (x86)\MSBuild\Microsoft.Cpp\v4.0\V140\Microsoft.CppClean.targets(76,5): warning : The process cannot access the file 'c:\netxpto\analuisa\sdf\m_qam_system\debug\pulse_shaper.obj' because it is being used by another process.
  m_qam_system_sdf.cpp
c:\netxpto\analuisa\include\bit_error_rate.h(23): warning C4244: '=': conversion from 't_real' to 'int', possible loss of data
  ti_amplifier.cpp
  super_block_interface.cpp
  sink.cpp
  sampler.cpp
c:\netxpto\analuisa\lib\sampler.cpp(44): warning C4244: 'initializing': conversion from 'double' to 'int', possible loss of data
  pulse_shaper.cpp
  photodiode.cpp
  optical_hybrid.cpp
  netxpto.cpp
  m_qam_transmitter.cpp
  m_qam_mapper.cpp
  local_oscillator.cpp
  iq_modulator.cpp
  homodyne_receiver.cpp
  discrete_to_continuous_time.cpp
  decoder.cpp
  bit_error_rate.cpp
c:\netxpto\analuisa\include\bit_error_rate.h(23): warning C4244: '=': conversion from 't_real' to 'int', possible loss of data
c:\netxpto\analuisa\lib\bit_error_rate.cpp(90): warning C4554: '&': check operator precedence for possible error; use parentheses to clarify precedence
  binary_source.cpp
  Generating Code...
  m_qam_system.vcxproj -> C:\netxpto\AnaLuisa\sdf\m_qam_system\Debug\m_qam_system.exe
  m_qam_system.vcxproj -> C:\netxpto\AnaLuisa\sdf\m_qam_system\Debug\m_qam_system.pdb (Full PDB)
