c:\netxpto\linkplanner\sdf\m_qam_system\debug\vc140.pdb
c:\netxpto\linkplanner\sdf\m_qam_system\debug\vc140.idb
c:\netxpto\linkplanner\sdf\m_qam_system\debug\binary_source.obj
c:\netxpto\linkplanner\sdf\m_qam_system\debug\discrete_to_continuous_time.obj
c:\netxpto\linkplanner\sdf\m_qam_system\debug\iq_modulator.obj
c:\netxpto\linkplanner\sdf\m_qam_system\debug\m_qam_mapper.obj
c:\netxpto\linkplanner\sdf\m_qam_system\debug\m_qam_transmitter.obj
c:\netxpto\linkplanner\sdf\m_qam_system\debug\netxpto.obj
c:\netxpto\linkplanner\sdf\m_qam_system\debug\pulse_shaper.obj
c:\netxpto\linkplanner\sdf\m_qam_system\debug\sink.obj
c:\netxpto\linkplanner\sdf\m_qam_system\debug\super_block_interface.obj
c:\netxpto\linkplanner\sdf\m_qam_system\debug\m_qam_system_sdf.obj
c:\netxpto\linkplanner\sdf\m_qam_system\debug\m_qam_system.ilk
c:\netxpto\linkplanner\sdf\m_qam_system\debug\m_qam_system.exe
c:\netxpto\linkplanner\sdf\m_qam_system\debug\m_qam_system.pdb
c:\netxpto\linkplanner\sdf\m_qam_system\debug\m_qam_system.tlog\cl.command.1.tlog
c:\netxpto\linkplanner\sdf\m_qam_system\debug\m_qam_system.tlog\cl.read.1.tlog
c:\netxpto\linkplanner\sdf\m_qam_system\debug\m_qam_system.tlog\cl.write.1.tlog
c:\netxpto\linkplanner\sdf\m_qam_system\debug\m_qam_system.tlog\link.command.1.tlog
c:\netxpto\linkplanner\sdf\m_qam_system\debug\m_qam_system.tlog\link.read.1.tlog
c:\netxpto\linkplanner\sdf\m_qam_system\debug\m_qam_system.tlog\link.write.1.tlog
