This is pdfTeX, Version 3.14159265-2.6-1.40.18 (MiKTeX 2.9.6300 64-bit) (preloaded format=pdflatex 2017.5.9)  24 JUL 2017 10:17
entering extended mode
**./main_netxpto.tex
(main_netxpto.tex
LaTeX2e <2017-04-15>
Babel <3.9r> and hyphenation patterns for 75 language(s) loaded.
(style/phdthesis.cls

LaTeX Warning: You have requested document class `./style/phdthesis',
               but the document class provides `phdthesis'.

Document Class: phdthesis 2001/07/18 PhD Dissertation Style
("C:\Program Files\MiKTeX 2.9\tex\latex\base\book.cls"
Document Class: book 2014/09/29 v1.4h Standard LaTeX document class
("C:\Program Files\MiKTeX 2.9\tex\latex\base\bk11.clo"
File: bk11.clo 2014/09/29 v1.4h Standard LaTeX file (size option)
)
\c@part=\count79
\c@chapter=\count80
\c@section=\count81
\c@subsection=\count82
\c@subsubsection=\count83
\c@paragraph=\count84
\c@subparagraph=\count85
\c@figure=\count86
\c@table=\count87
\abovecaptionskip=\skip41
\belowcaptionskip=\skip42
\bibindent=\dimen102
)
("C:\Program Files\MiKTeX 2.9\tex\latex\graphics\epsfig.sty"
Package: epsfig 1999/02/16 v1.7a (e)psfig emulation (SPQR)

("C:\Program Files\MiKTeX 2.9\tex\latex\graphics\graphicx.sty"
Package: graphicx 2014/10/28 v1.0g Enhanced LaTeX Graphics (DPC,SPQR)

("C:\Program Files\MiKTeX 2.9\tex\latex\graphics\keyval.sty"
Package: keyval 2014/10/28 v1.15 key=value parser (DPC)
\KV@toks@=\toks14
)
("C:\Program Files\MiKTeX 2.9\tex\latex\graphics\graphics.sty"
Package: graphics 2017/04/14 v1.1b Standard LaTeX Graphics (DPC,SPQR)

("C:\Program Files\MiKTeX 2.9\tex\latex\graphics\trig.sty"
Package: trig 2016/01/03 v1.10 sin cos tan (DPC)
)
("C:\Program Files\MiKTeX 2.9\tex\latex\graphics-cfg\graphics.cfg"
File: graphics.cfg 2016/06/04 v1.11 sample graphics configuration
)
Package graphics Info: Driver file: pdftex.def on input line 99.

("C:\Program Files\MiKTeX 2.9\tex\latex\graphics-def\pdftex.def"
File: pdftex.def 2017/01/12 v0.06k Graphics/color for pdfTeX

("C:\Program Files\MiKTeX 2.9\tex\generic\oberdiek\infwarerr.sty"
Package: infwarerr 2016/05/16 v1.4 Providing info/warning/error messages (HO)
)
("C:\Program Files\MiKTeX 2.9\tex\generic\oberdiek\ltxcmds.sty"
Package: ltxcmds 2016/05/16 v1.23 LaTeX kernel commands for general use (HO)
)
\Gread@gobject=\count88
))
\Gin@req@height=\dimen103
\Gin@req@width=\dimen104
)
\epsfxsize=\dimen105
\epsfysize=\dimen106
)
\@spacebeforechapterhead=\skip43
\@spaceinchapterhead=\skip44
\@spaceafterchapterhead=\skip45
)
\@input{./style/my_packages.aux}
\openout2 = `./style/my_packages.aux'.

(style/my_packages.tex
("C:\Program Files\MiKTeX 2.9\tex\latex\amsmath\amsmath.sty"
Package: amsmath 2016/11/05 v2.16a AMS math features
\@mathmargin=\skip46

For additional information on amsmath, use the `?' option.
("C:\Program Files\MiKTeX 2.9\tex\latex\amsmath\amstext.sty"
Package: amstext 2000/06/29 v2.01 AMS text

("C:\Program Files\MiKTeX 2.9\tex\latex\amsmath\amsgen.sty"
File: amsgen.sty 1999/11/30 v2.0 generic functions
\@emptytoks=\toks15
\ex@=\dimen107
))
("C:\Program Files\MiKTeX 2.9\tex\latex\amsmath\amsbsy.sty"
Package: amsbsy 1999/11/29 v1.2d Bold Symbols
\pmbraise@=\dimen108
)
("C:\Program Files\MiKTeX 2.9\tex\latex\amsmath\amsopn.sty"
Package: amsopn 2016/03/08 v2.02 operator names
)
\inf@bad=\count89
LaTeX Info: Redefining \frac on input line 213.
\uproot@=\count90
\leftroot@=\count91
LaTeX Info: Redefining \overline on input line 375.
\classnum@=\count92
\DOTSCASE@=\count93
LaTeX Info: Redefining \ldots on input line 472.
LaTeX Info: Redefining \dots on input line 475.
LaTeX Info: Redefining \cdots on input line 596.
\Mathstrutbox@=\box26
\strutbox@=\box27
\big@size=\dimen109
LaTeX Font Info:    Redeclaring font encoding OML on input line 712.
LaTeX Font Info:    Redeclaring font encoding OMS on input line 713.
\macc@depth=\count94
\c@MaxMatrixCols=\count95
\dotsspace@=\muskip10
\c@parentequation=\count96
\dspbrk@lvl=\count97
\tag@help=\toks16
\row@=\count98
\column@=\count99
\maxfields@=\count100
\andhelp@=\toks17
\eqnshift@=\dimen110
\alignsep@=\dimen111
\tagshift@=\dimen112
\tagwidth@=\dimen113
\totwidth@=\dimen114
\lineht@=\dimen115
\@envbody=\toks18
\multlinegap=\skip47
\multlinetaggap=\skip48
\mathdisplay@stack=\toks19
LaTeX Info: Redefining \[ on input line 2817.
LaTeX Info: Redefining \] on input line 2818.
)
("C:\Program Files\MiKTeX 2.9\tex\latex\base\inputenc.sty"
Package: inputenc 2015/03/17 v1.2c Input encoding file
\inpenc@prehook=\toks20
\inpenc@posthook=\toks21

("C:\Program Files\MiKTeX 2.9\tex\latex\base\ansinew.def"
File: ansinew.def 2015/03/17 v1.2c Input encoding file
))
("C:\Program Files\MiKTeX 2.9\tex\generic\babel\babel.sty"
Package: babel 2016/04/23 3.9r The Babel package

*************************************
* Local config file bblopts.cfg used
*
("C:\Program Files\MiKTeX 2.9\tex\latex\arabi\bblopts.cfg"
File: bblopts.cfg 2005/09/08 v0.1 add Arabic and Farsi to "declared" options of
 babel
)
("C:\Program Files\MiKTeX 2.9\tex\latex\babel-portuges\portuges.ldf"
Language: portuges 2008/03/18 v1.2q Portuguese support from the babel system

("C:\Program Files\MiKTeX 2.9\tex\generic\babel\babel.def"
File: babel.def 2016/04/23 3.9r Babel common definitions
\babel@savecnt=\count101
\U@D=\dimen116
)
Package babel Info: Making " an active character on input line 145.
))
("C:\Program Files\MiKTeX 2.9\tex\latex\acronym\acronym.sty"
Package: acronym 2015/03/21 v1.41 Support for acronyms (Tobias Oetiker)

("C:\Program Files\MiKTeX 2.9\tex\latex\bigfoot\suffix.sty"
Package: suffix 2006/07/15 1.5a Variant command support
)
("C:\Program Files\MiKTeX 2.9\tex\latex\xstring\xstring.sty"
("C:\Program Files\MiKTeX 2.9\tex\generic\xstring\xstring.tex"
\@xs@message=\write3
\integerpart=\count102
\decimalpart=\count103
)
Package: xstring 2013/10/13  v1.7c  String manipulations (C Tellechea)
)
\AC@clearlist=\toks22
)
("C:\Program Files\MiKTeX 2.9\tex\latex\a4wide\a4wide.sty"
Package: a4wide 1994/08/30

("C:\Program Files\MiKTeX 2.9\tex\latex\ntgclass\a4.sty"
Package: a4 2004/04/15 v1.2g A4 based page layout
))
("C:\Program Files\MiKTeX 2.9\tex\latex\psnfss\palatino.sty"
Package: palatino 2005/04/12 PSNFSS-v9.2a (SPQR) 
)
("C:\Program Files\MiKTeX 2.9\tex\latex\fancyhdr\fancyhdr.sty"
Package: fancyhdr 2016/09/06 3.8 Extensive control of page headers and footers
\fancy@headwidth=\skip49
\f@ncyO@elh=\skip50
\f@ncyO@erh=\skip51
\f@ncyO@olh=\skip52
\f@ncyO@orh=\skip53
\f@ncyO@elf=\skip54
\f@ncyO@erf=\skip55
\f@ncyO@olf=\skip56
\f@ncyO@orf=\skip57
)
("C:\Program Files\MiKTeX 2.9\tex\latex\fancybox\fancybox.sty"
Package: fancybox 2010/05/15 1.4

Style option: `fancybox' v1.4 <2010/05/15> (tvz)
\@fancybox=\box28
\shadowsize=\dimen117
\@Sbox=\box29
\do@VerbBox=\toks23
\the@fancyput=\toks24
\this@fancyput=\toks25
\EndVerbatimTokens=\toks26
\Verbatim@Outfile=\write4
\Verbatim@Infile=\read1
) ("C:\Program Files\MiKTeX 2.9\tex\latex\amsfonts\amssymb.sty"
Package: amssymb 2013/01/14 v3.01 AMS font symbols

("C:\Program Files\MiKTeX 2.9\tex\latex\amsfonts\amsfonts.sty"
Package: amsfonts 2013/01/14 v3.01 Basic AMSFonts support
\symAMSa=\mathgroup4
\symAMSb=\mathgroup5
LaTeX Font Info:    Overwriting math alphabet `\mathfrak' in version `bold'
(Font)                  U/euf/m/n --> U/euf/b/n on input line 106.
))
("C:\Program Files\MiKTeX 2.9\tex\latex\cite\cite.sty"
LaTeX Info: Redefining \cite on input line 302.
LaTeX Info: Redefining \nocite on input line 332.
Package: cite 2015/02/27  v 5.5
)
("C:\Program Files\MiKTeX 2.9\tex\latex\float\float.sty"
Package: float 2001/11/08 v1.3d Float enhancements (AL)
\c@float@type=\count104
\float@exts=\toks27
\float@box=\box30
\@float@everytoks=\toks28
\@floatcapt=\box31
)
("C:\Program Files\MiKTeX 2.9\tex\latex\ltxmisc\here.sty")
("C:\Program Files\MiKTeX 2.9\tex\latex\base\fontenc.sty"
Package: fontenc 2017/04/05 v2.0i Standard LaTeX package

("C:\Program Files\MiKTeX 2.9\tex\latex\base\t1enc.def"
File: t1enc.def 2017/04/05 v2.0i Standard LaTeX file
LaTeX Font Info:    Redeclaring font encoding T1 on input line 48.
))
("C:\Program Files\MiKTeX 2.9\tex\latex\graphics\rotating.sty"
Package: rotating 2016/08/11 v2.16d rotated objects in LaTeX

("C:\Program Files\MiKTeX 2.9\tex\latex\base\ifthen.sty"
Package: ifthen 2014/09/29 v1.1c Standard LaTeX ifthen package (DPC)
)
\c@r@tfl@t=\count105
\rotFPtop=\skip58
\rotFPbot=\skip59
\rot@float@box=\box32
\rot@mess@toks=\toks29
)
("C:\Program Files\MiKTeX 2.9\tex\latex\multirow\multirow.sty"
Package: multirow 2016/11/25 v2.2 Span multiple rows of a table
\multirow@colwidth=\skip60
\multirow@cntb=\count106
\multirow@dima=\skip61
\bigstrutjot=\dimen118
)
("C:\Program Files\MiKTeX 2.9\tex\latex\epigraph\epigraph.sty"
Package: epigraph 2009/09/02 v1.5c typesetting epigraphs
\beforeepigraphskip=\skip62
\afterepigraphskip=\skip63
\epigraphwidth=\skip64
\epigraphrule=\skip65
)
("C:\Program Files\MiKTeX 2.9\tex\latex\hyperref\hyperref.sty"
Package: hyperref 2017/03/14 v6.85a Hypertext links for LaTeX

("C:\Program Files\MiKTeX 2.9\tex\generic\oberdiek\hobsub-hyperref.sty"
Package: hobsub-hyperref 2016/05/16 v1.14 Bundle oberdiek, subset hyperref (HO)


("C:\Program Files\MiKTeX 2.9\tex\generic\oberdiek\hobsub-generic.sty"
Package: hobsub-generic 2016/05/16 v1.14 Bundle oberdiek, subset generic (HO)
Package: hobsub 2016/05/16 v1.14 Construct package bundles (HO)
Package hobsub Info: Skipping package `infwarerr' (already loaded).
Package hobsub Info: Skipping package `ltxcmds' (already loaded).
Package: ifluatex 2016/05/16 v1.4 Provides the ifluatex switch (HO)
Package ifluatex Info: LuaTeX not detected.
Package: ifvtex 2016/05/16 v1.6 Detect VTeX and its facilities (HO)
Package ifvtex Info: VTeX not detected.
Package: intcalc 2016/05/16 v1.2 Expandable calculations with integers (HO)
Package: ifpdf 2017/03/15 v3.2 Provides the ifpdf switch
Package: etexcmds 2016/05/16 v1.6 Avoid name clashes with e-TeX commands (HO)
Package etexcmds Info: Could not find \expanded.
(etexcmds)             That can mean that you are not using pdfTeX 1.50 or
(etexcmds)             that some package has redefined \expanded.
(etexcmds)             In the latter case, load this package earlier.
Package: kvsetkeys 2016/05/16 v1.17 Key value parser (HO)
Package: kvdefinekeys 2016/05/16 v1.4 Define keys (HO)
Package: pdftexcmds 2017/03/19 v0.25 Utility functions of pdfTeX for LuaTeX (HO
)
Package pdftexcmds Info: LuaTeX not detected.
Package pdftexcmds Info: \pdf@primitive is available.
Package pdftexcmds Info: \pdf@ifprimitive is available.
Package pdftexcmds Info: \pdfdraftmode found.
Package: pdfescape 2016/05/16 v1.14 Implements pdfTeX's escape features (HO)
Package: bigintcalc 2016/05/16 v1.4 Expandable calculations on big integers (HO
)
Package: bitset 2016/05/16 v1.2 Handle bit-vector datatype (HO)
Package: uniquecounter 2016/05/16 v1.3 Provide unlimited unique counter (HO)
)
Package hobsub Info: Skipping package `hobsub' (already loaded).
Package: letltxmacro 2016/05/16 v1.5 Let assignment for LaTeX macros (HO)
Package: hopatch 2016/05/16 v1.3 Wrapper for package hooks (HO)
Package: xcolor-patch 2016/05/16 xcolor patch
Package: atveryend 2016/05/16 v1.9 Hooks at the very end of document (HO)
Package atveryend Info: \enddocument detected (standard20110627).
Package: atbegshi 2016/06/09 v1.18 At begin shipout hook (HO)
Package: refcount 2016/05/16 v3.5 Data extraction from label references (HO)
Package: hycolor 2016/05/16 v1.8 Color options for hyperref/bookmark (HO)
)
("C:\Program Files\MiKTeX 2.9\tex\generic\ifxetex\ifxetex.sty"
Package: ifxetex 2010/09/12 v0.6 Provides ifxetex conditional
)
("C:\Program Files\MiKTeX 2.9\tex\latex\oberdiek\auxhook.sty"
Package: auxhook 2016/05/16 v1.4 Hooks for auxiliary files (HO)
)
("C:\Program Files\MiKTeX 2.9\tex\latex\oberdiek\kvoptions.sty"
Package: kvoptions 2016/05/16 v3.12 Key value format for package options (HO)
)
\@linkdim=\dimen119
\Hy@linkcounter=\count107
\Hy@pagecounter=\count108

("C:\Program Files\MiKTeX 2.9\tex\latex\hyperref\pd1enc.def"
File: pd1enc.def 2017/03/14 v6.85a Hyperref: PDFDocEncoding definition (HO)
)
\Hy@SavedSpaceFactor=\count109

("C:\Program Files\MiKTeX 2.9\tex\latex\00miktex\hyperref.cfg"
File: hyperref.cfg 2002/06/06 v1.2 hyperref configuration of TeXLive
)
Package hyperref Info: Hyper figures OFF on input line 4498.
Package hyperref Info: Link nesting OFF on input line 4503.
Package hyperref Info: Hyper index ON on input line 4506.
Package hyperref Info: Plain pages OFF on input line 4513.
Package hyperref Info: Backreferencing OFF on input line 4518.
Package hyperref Info: Implicit mode ON; LaTeX internals redefined.
Package hyperref Info: Bookmarks ON on input line 4751.
\c@Hy@tempcnt=\count110

("C:\Program Files\MiKTeX 2.9\tex\latex\url\url.sty"
\Urlmuskip=\muskip11
Package: url 2013/09/16  ver 3.4  Verb mode for urls, etc.
)
LaTeX Info: Redefining \url on input line 5104.
\XeTeXLinkMargin=\dimen120
\Fld@menulength=\count111
\Field@Width=\dimen121
\Fld@charsize=\dimen122
Package hyperref Info: Hyper figures OFF on input line 6358.
Package hyperref Info: Link nesting OFF on input line 6363.
Package hyperref Info: Hyper index ON on input line 6366.
Package hyperref Info: backreferencing OFF on input line 6373.
Package hyperref Info: Link coloring OFF on input line 6378.
Package hyperref Info: Link coloring with OCG OFF on input line 6383.
Package hyperref Info: PDF/A mode OFF on input line 6388.
LaTeX Info: Redefining \ref on input line 6428.
LaTeX Info: Redefining \pageref on input line 6432.
\Hy@abspage=\count112
\c@Item=\count113
\c@Hfootnote=\count114
)

Package hyperref Message: Driver (autodetected): hpdftex.

("C:\Program Files\MiKTeX 2.9\tex\latex\hyperref\hpdftex.def"
File: hpdftex.def 2017/03/14 v6.85a Hyperref driver for pdfTeX
\Fld@listcount=\count115
\c@bookmark@seq@number=\count116

("C:\Program Files\MiKTeX 2.9\tex\latex\oberdiek\rerunfilecheck.sty"
Package: rerunfilecheck 2016/05/16 v1.8 Rerun checks for auxiliary files (HO)
Package uniquecounter Info: New unique counter `rerunfilecheck' on input line 2
82.
)
\Hy@SectionHShift=\skip66
)
Package hyperref Info: Option `colorlinks' set `true' on input line 25.

("C:\Program Files\MiKTeX 2.9\tex\latex\tools\enumerate.sty"
Package: enumerate 2015/07/23 v3.00 enumerate extensions (DPC)
\@enLab=\toks30
)
("C:\Program Files\MiKTeX 2.9\tex\latex\booktabs\booktabs.sty"
Package: booktabs 2005/04/14 v1.61803 publication quality tables
\heavyrulewidth=\dimen123
\lightrulewidth=\dimen124
\cmidrulewidth=\dimen125
\belowrulesep=\dimen126
\belowbottomsep=\dimen127
\aboverulesep=\dimen128
\abovetopsep=\dimen129
\cmidrulesep=\dimen130
\cmidrulekern=\dimen131
\defaultaddspace=\dimen132
\@cmidla=\count117
\@cmidlb=\count118
\@aboverulesep=\dimen133
\@belowrulesep=\dimen134
\@thisruleclass=\count119
\@lastruleclass=\count120
\@thisrulewidth=\dimen135
)
("C:\Program Files\MiKTeX 2.9\tex\latex\eurosym\eurosym.sty"
Package: eurosym 1998/08/06 v1.1 European currency symbol ``Euro''
\@eurobox=\box33
)
("C:\Program Files\MiKTeX 2.9\tex\latex\base\makeidx.sty"
Package: makeidx 2014/09/29 v1.0m Standard LaTeX package
)
("C:\Program Files\MiKTeX 2.9\tex\latex\datatool\datatool.sty"
Package: datatool 2016/07/28 v2.27 (NLCT)

("C:\Program Files\MiKTeX 2.9\tex\latex\xkeyval\xkeyval.sty"
Package: xkeyval 2014/12/03 v2.7a package option processing (HA)

("C:\Program Files\MiKTeX 2.9\tex\generic\xkeyval\xkeyval.tex"
("C:\Program Files\MiKTeX 2.9\tex\generic\xkeyval\xkvutils.tex"
\XKV@toks=\toks31
\XKV@tempa@toks=\toks32
)
\XKV@depth=\count121
File: xkeyval.tex 2014/12/03 v2.7a key=value parser (HA)
))
("C:\Program Files\MiKTeX 2.9\tex\latex\xfor\xfor.sty"
Package: xfor 2009/02/05 v1.05 (NLCT)
)
("C:\Program Files\MiKTeX 2.9\tex\latex\substr\substr.sty"
Package: substr 2009/10/20 v1.2 Handle substrings
\c@su@anzahl=\count122
)
("C:\Program Files\MiKTeX 2.9\tex\latex\etoolbox\etoolbox.sty"
Package: etoolbox 2017/01/02 v2.4 e-TeX tools for LaTeX (JAW)
\etb@tempcnta=\count123
)
("C:\Program Files\MiKTeX 2.9\tex\latex\datatool\datatool-base.sty"
Package: datatool-base 2016/07/28 v2.27 (NLCT)

("C:\Program Files\MiKTeX 2.9\tex\latex\datatool\datatool-fp.sty"
Package: datatool-fp 2016/07/28 v2.27 (NLCT)

("C:\Program Files\MiKTeX 2.9\tex\latex\fp\fp.sty"
Package: fp 1995/04/02

`Fixed Point Package', Version 0.8, April 2, 1995 (C) Michael Mehlich
("C:\Program Files\MiKTeX 2.9\tex\latex\fp\defpattern.sty"
Package: defpattern 1994/10/12
\actioncount=\count124
)
("C:\Program Files\MiKTeX 2.9\tex\latex\fp\fp-basic.sty"
Package: fp-basic 1996/05/13
\FP@xs=\count125
\FP@xia=\count126
\FP@xib=\count127
\FP@xfa=\count128
\FP@xfb=\count129
\FP@rega=\count130
\FP@regb=\count131
\FP@regs=\count132
\FP@times=\count133
)
("C:\Program Files\MiKTeX 2.9\tex\latex\fp\fp-addons.sty"
Package: fp-addons 1995/03/15
)
("C:\Program Files\MiKTeX 2.9\tex\latex\fp\fp-snap.sty"
Package: fp-snap 1995/04/05
)
("C:\Program Files\MiKTeX 2.9\tex\latex\fp\fp-exp.sty"
Package: fp-exp 1995/04/03
)
("C:\Program Files\MiKTeX 2.9\tex\latex\fp\fp-trigo.sty"
Package: fp-trigo 1995/04/14
)
("C:\Program Files\MiKTeX 2.9\tex\latex\fp\fp-pas.sty"
Package: fp-pas 1994/08/29
)
("C:\Program Files\MiKTeX 2.9\tex\latex\fp\fp-random.sty"
Package: fp-random 1995/02/23
\FPseed=\count134
)
("C:\Program Files\MiKTeX 2.9\tex\latex\fp\fp-eqn.sty"
Package: fp-eqn 1995/04/03
)
("C:\Program Files\MiKTeX 2.9\tex\latex\fp\fp-upn.sty"
Package: fp-upn 1996/10/21
)
("C:\Program Files\MiKTeX 2.9\tex\latex\fp\fp-eval.sty"
Package: fp-eval 1995/04/03
)))
\@dtl@toks=\toks33
\@dtl@tmpcount=\count135
\dtl@tmplength=\skip67
\dtl@sortresult=\count136
\@dtl@numgrpsepcount=\count137
\@dtl@datatype=\count138
\dtl@codeA=\count139
\dtl@codeB=\count140
\@dtl@foreach@level=\count141
)
\dtlcolumnnum=\count142
\dtlrownum=\count143
\@dtl@before=\toks34
\@dtl@after=\toks35
\@dtl@colhead=\toks36
\dtlcurrentrow=\toks37
\dtlbeforerow=\toks38
\dtlafterrow=\toks39
\dtlforeachlevel=\count144
\c@DTLrowi=\count145
\c@DTLrowii=\count146
\c@DTLrowiii=\count147
\c@DTLrow=\count148
\dtl@rowi=\count149
\dtl@rowii=\count150
\dtl@rowiii=\count151
\@dtl@curi=\toks40
\@dtl@previ=\toks41
\@dtl@nexti=\toks42
\@dtl@curii=\toks43
\@dtl@previi=\toks44
\@dtl@nextii=\toks45
\@dtl@curiii=\toks46
\@dtl@previii=\toks47
\@dtl@nextiii=\toks48
\@dtl@elements=\count152
\@dtl@list=\toks49
\@dtl@rowa=\toks50
\@dtl@rowb=\toks51
\@dtl@toksA=\toks52
\@dtl@toksB=\toks53
\@dtl@write=\write5
\@dtl@read=\read2
\dtl@entrycr=\count153
\dtl@omitlines=\count154
)
("C:\Program Files\MiKTeX 2.9\tex\latex\glossaries\base\glossaries.sty"
Package: glossaries 2017/01/19 v4.29 (NLCT)

("C:\Program Files\MiKTeX 2.9\tex\latex\mfirstuc\mfirstuc.sty"
Package: mfirstuc 2016/07/31 v2.04 (NLCT)
\@glsmfirst=\toks54
\@glsmrest=\toks55
)
("C:\Program Files\MiKTeX 2.9\tex\latex\textcase\textcase.sty"
Package: textcase 2004/10/07 v0.07 Text only upper/lower case changing (DPC)
)
("C:\Program Files\MiKTeX 2.9\tex\latex\glossaries\base\glossaries-compatible-3
07.sty"
Package: glossaries-compatible-307 2017/01/19 v4.29 (NLCT)
) ("C:\Program Files\MiKTeX 2.9\tex\latex\tracklang\tracklang.sty"
Package: tracklang 2017/03/25 v1.3.4 (NLCT) Track Languages

("C:\Program Files\MiKTeX 2.9\tex\generic\tracklang\tracklang.tex"))
("C:\Program Files\MiKTeX 2.9\tex\latex\beamer\translator\translator.sty"
Package: translator 2010/06/12 ver 1.10

("C:\Program Files\MiKTeX 2.9\tex\latex\beamer\translator\translator-language-m
appings.tex"))
("C:\Program Files\MiKTeX 2.9\tex\latex\glossaries-portuges\glossaries-portuges
.ldf"
File: glossaries-portuges.ldf 2014/11/23 v1.0

("C:\Program Files\MiKTeX 2.9\tex\latex\glossaries-portuges\glossaries-portuges
-noenc.ldf"))
\gls@level=\count155
\@gls@tmpb=\toks56
\gls@tmplen=\skip68
\glskeylisttok=\toks57
\glslabeltok=\toks58
\glsshorttok=\toks59
\glslongtok=\toks60

("C:\Program Files\MiKTeX 2.9\tex\latex\glossaries\styles\glossary-hypernav.sty
"
Package: glossary-hypernav 2017/01/19 v4.29 (NLCT)
) ("C:\Program Files\MiKTeX 2.9\tex\latex\glossaries\styles\glossary-list.sty"
Package: glossary-list 2017/01/19 v4.29 (NLCT)
\glslistdottedwidth=\skip69
) ("C:\Program Files\MiKTeX 2.9\tex\latex\glossaries\styles\glossary-long.sty"
Package: glossary-long 2017/01/19 v4.29 (NLCT)

("C:\Program Files\MiKTeX 2.9\tex\latex\tools\longtable.sty"
Package: longtable 2014/10/28 v4.11 Multi-page Table package (DPC)
\LTleft=\skip70
\LTright=\skip71
\LTpre=\skip72
\LTpost=\skip73
\LTchunksize=\count156
\LTcapwidth=\dimen136
\LT@head=\box34
\LT@firsthead=\box35
\LT@foot=\box36
\LT@lastfoot=\box37
\LT@cols=\count157
\LT@rows=\count158
\c@LT@tables=\count159
\c@LT@chunks=\count160
\LT@p@ftn=\toks61
)
\glsdescwidth=\skip74
\glspagelistwidth=\skip75
)
("C:\Program Files\MiKTeX 2.9\tex\latex\glossaries\styles\glossary-super.sty"
Package: glossary-super 2017/01/19 v4.29 (NLCT)

("C:\Program Files\MiKTeX 2.9\tex\latex\supertabular\supertabular.sty"
Package: supertabular 2004/02/20 v4.1e the supertabular environment
\c@tracingst=\count161
\ST@wd=\dimen137
\ST@rightskip=\skip76
\ST@leftskip=\skip77
\ST@parfillskip=\skip78
\ST@pageleft=\dimen138
\ST@headht=\dimen139
\ST@tailht=\dimen140
\ST@pagesofar=\dimen141
\ST@pboxht=\dimen142
\ST@lineht=\dimen143
\ST@stretchht=\dimen144
\ST@prevht=\dimen145
\ST@toadd=\dimen146
\ST@dimen=\dimen147
\ST@pbox=\box38
))
("C:\Program Files\MiKTeX 2.9\tex\latex\glossaries\styles\glossary-tree.sty"
Package: glossary-tree 2017/01/19 v4.29 (NLCT)
\glstreeindent=\skip79
))
("C:\Program Files\MiKTeX 2.9\tex\latex\caption\caption.sty"
Package: caption 2016/02/21 v3.3-144 Customizing captions (AR)

("C:\Program Files\MiKTeX 2.9\tex\latex\caption\caption3.sty"
Package: caption3 2016/05/22 v1.7-166 caption3 kernel (AR)
Package caption3 Info: TeX engine: e-TeX on input line 67.
\captionmargin=\dimen148
\captionmargin@=\dimen149
\captionwidth=\dimen150
\caption@tempdima=\dimen151
\caption@indent=\dimen152
\caption@parindent=\dimen153
\caption@hangindent=\dimen154
)
\c@ContinuedFloat=\count162
Package caption Info: float package is loaded.
Package caption Info: hyperref package is loaded.
Package caption Info: longtable package is loaded.

("C:\Program Files\MiKTeX 2.9\tex\latex\caption\ltcaption.sty"
Package: ltcaption 2013/06/09 v1.4-94 longtable captions (AR)
)
Package caption Info: rotating package is loaded.
Package caption Info: supertabular package is loaded.
)
("C:\Program Files\MiKTeX 2.9\tex\latex\caption\subcaption.sty"
Package: subcaption 2016/05/22 v1.1-161 Sub-captions (AR)
\c@subfigure=\count163
\c@subtable=\count164
)
("C:\Program Files\MiKTeX 2.9\tex\latex\tabulary\tabulary.sty"
Package: tabulary 2014/06/11 v0.10 tabulary package (DPC)

("C:\Program Files\MiKTeX 2.9\tex\latex\tools\array.sty"
Package: array 2016/10/06 v2.4d Tabular extension package (FMi)
\col@sep=\dimen155
\extrarowheight=\dimen156
\NC@list=\toks62
\extratabsurround=\skip80
\backup@length=\skip81
)
\TY@count=\count165
\TY@linewidth=\dimen157
\tymin=\dimen158
\tymax=\dimen159
\TY@tablewidth=\dimen160
)
("C:\Program Files\MiKTeX 2.9\tex\latex\braket\braket.sty")
("C:\Program Files\MiKTeX 2.9\tex\latex\subfiles\subfiles.sty"
Package: subfiles 2012/05/23 Federico Garcia

("C:\Program Files\MiKTeX 2.9\tex\latex\tools\verbatim.sty"
Package: verbatim 2014/10/28 v1.5q LaTeX2e package for verbatim enhancements
\every@verbatim=\toks63
\verbatim@line=\toks64
\verbatim@in@stream=\read3
)))
("C:\Program Files\MiKTeX 2.9\tex\latex\tools\multicol.sty"
Package: multicol 2017/04/11 v1.8q multicolumn formatting (FMi)
\c@tracingmulticols=\count166
\mult@box=\box39
\multicol@leftmargin=\dimen161
\c@unbalance=\count167
\c@collectmore=\count168
\doublecol@number=\count169
\multicoltolerance=\count170
\multicolpretolerance=\count171
\full@width=\dimen162
\page@free=\dimen163
\premulticols=\dimen164
\postmulticols=\dimen165
\multicolsep=\skip82
\multicolbaselineskip=\skip83
\partial@page=\box40
\last@line=\box41
\maxbalancingoverflow=\dimen166
\mult@rightbox=\box42
\mult@grightbox=\box43
\mult@gfirstbox=\box44
\mult@firstbox=\box45
\@tempa=\box46
\@tempa=\box47
\@tempa=\box48
\@tempa=\box49
\@tempa=\box50
\@tempa=\box51
\@tempa=\box52
\@tempa=\box53
\@tempa=\box54
\@tempa=\box55
\@tempa=\box56
\@tempa=\box57
\@tempa=\box58
\@tempa=\box59
\@tempa=\box60
\@tempa=\box61
\@tempa=\box62
\c@columnbadness=\count172
\c@finalcolumnbadness=\count173
\last@try=\dimen167
\multicolovershoot=\dimen168
\multicolundershoot=\dimen169
\mult@nat@firstbox=\box63
\colbreak@box=\box64
\mc@col@check@num=\count174
)
\@input{./style/my_commands.aux}
\openout2 = `./style/my_commands.aux'.

(style/my_commands.tex)
\@indexfile=\write6
\openout6 = `main_netxpto.idx'.


Writing index file main_netxpto.idx
(main_netxpto.aux (chapter/introduction.aux) (chapter/simulator_structure.aux)
(chapter/development_cycle.aux) (chapter/visualizer.aux)
(chapter/case_studies.aux

LaTeX Warning: Label `sec:intro' multiply defined.


LaTeX Warning: Label `eq:statedensity' multiply defined.


LaTeX Warning: Label `Required files' multiply defined.


LaTeX Warning: Label `subsec:SHresults' multiply defined.


LaTeX Warning: Label `QPSK_transmitter_block_diagram_simple' multiply defined.

) (chapter/library.aux

LaTeX Warning: Label `table' multiply defined.

))
\openout1 = `main_netxpto.aux'.

LaTeX Font Info:    Checking defaults for OML/cmm/m/it on input line 9.
LaTeX Font Info:    ... okay on input line 9.
LaTeX Font Info:    Checking defaults for T1/cmr/m/n on input line 9.
LaTeX Font Info:    ... okay on input line 9.
LaTeX Font Info:    Checking defaults for OT1/cmr/m/n on input line 9.
LaTeX Font Info:    ... okay on input line 9.
LaTeX Font Info:    Checking defaults for OMS/cmsy/m/n on input line 9.
LaTeX Font Info:    ... okay on input line 9.
LaTeX Font Info:    Checking defaults for OMX/cmex/m/n on input line 9.
LaTeX Font Info:    ... okay on input line 9.
LaTeX Font Info:    Checking defaults for U/cmr/m/n on input line 9.
LaTeX Font Info:    ... okay on input line 9.
LaTeX Font Info:    Checking defaults for PD1/pdf/m/n on input line 9.
LaTeX Font Info:    ... okay on input line 9.
LaTeX Font Info:    Try loading font information for T1+ppl on input line 9.
 ("C:\Program Files\MiKTeX 2.9\tex\latex\psnfss\t1ppl.fd"
File: t1ppl.fd 2001/06/04 font definitions for T1/ppl.
)
("C:\Program Files\MiKTeX 2.9\tex\context\base\supp-pdf.mkii"
[Loading MPS to PDF converter (version 2006.09.02).]
\scratchcounter=\count175
\scratchdimen=\dimen170
\scratchbox=\box65
\nofMPsegments=\count176
\nofMParguments=\count177
\everyMPshowfont=\toks65
\MPscratchCnt=\count178
\MPscratchDim=\dimen171
\MPnumerator=\count179
\makeMPintoPDFobject=\count180
\everyMPtoPDFconversion=\toks66
) ("C:\Program Files\MiKTeX 2.9\tex\latex\oberdiek\epstopdf-base.sty"
Package: epstopdf-base 2016/05/15 v2.6 Base part for package epstopdf

("C:\Program Files\MiKTeX 2.9\tex\latex\oberdiek\grfext.sty"
Package: grfext 2016/05/16 v1.2 Manage graphics extensions (HO)
)
Package epstopdf-base Info: Redefining graphics rule for `.eps' on input line 4
38.
Package grfext Info: Graphics extension search list:
(grfext)             [.png,.pdf,.jpg,.mps,.jpeg,.jbig2,.jb2,.PNG,.PDF,.JPG,.JPE
G,.JBIG2,.JB2,.eps]
(grfext)             \AppendGraphicsExtensions on input line 456.
)
\AtBeginShipoutBox=\box66

("C:\Program Files\MiKTeX 2.9\tex\latex\graphics\color.sty"
Package: color 2016/07/10 v1.1e Standard LaTeX Color (DPC)

("C:\Program Files\MiKTeX 2.9\tex\latex\graphics-cfg\color.cfg"
File: color.cfg 2016/01/02 v1.6 sample color configuration
)
Package color Info: Driver file: pdftex.def on input line 147.
)
Package hyperref Info: Link coloring ON on input line 9.

("C:\Program Files\MiKTeX 2.9\tex\latex\hyperref\nameref.sty"
Package: nameref 2016/05/21 v2.44 Cross-referencing by name of section

("C:\Program Files\MiKTeX 2.9\tex\generic\oberdiek\gettitlestring.sty"
Package: gettitlestring 2016/05/16 v1.5 Cleanup title references (HO)
)
\c@section@level=\count181
)
LaTeX Info: Redefining \ref on input line 9.
LaTeX Info: Redefining \pageref on input line 9.
LaTeX Info: Redefining \nameref on input line 9.

(main_netxpto.out) (main_netxpto.out)
\@outlinefile=\write7
\openout7 = `main_netxpto.out'.

Package caption Info: Begin \AtBeginDocument code.
Package caption Info: End \AtBeginDocument code.
LaTeX Font Info:    Try loading font information for U+msa on input line 18.

("C:\Program Files\MiKTeX 2.9\tex\latex\amsfonts\umsa.fd"
File: umsa.fd 2013/01/14 v3.01 AMS symbols A
)
LaTeX Font Info:    Try loading font information for U+msb on input line 18.

("C:\Program Files\MiKTeX 2.9\tex\latex\amsfonts\umsb.fd"
File: umsb.fd 2013/01/14 v3.01 AMS symbols B
)
Package babel Info: Redefining portuges shorthand "|
(babel)             in language  on input line 18.
Package babel Info: Redefining portuges shorthand "|
(babel)             in language  on input line 18.
 [1



\providecommand\@newglossary[4]{}
\@newglossary{main}{glg}{gls}{glo}
\@newglossary{acronym}{alg}{acr}{acn}




{C:/ProgramData/MiKTeX/2.9/pdftex/config/pdftex.map}]
LaTeX Font Info:    Font shape `T1/ppl/bx/n' in size <14.4> not available
(Font)              Font shape `T1/ppl/b/n' tried instead on input line 20.
LaTeX Font Info:    Font shape `T1/ppl/bx/n' in size <17.28> not available
(Font)              Font shape `T1/ppl/b/n' tried instead on input line 20.
 (main_netxpto.toc
LaTeX Font Info:    Font shape `T1/ppl/bx/n' in size <10.95> not available
(Font)              Font shape `T1/ppl/b/n' tried instead on input line 2.
)
\tf@toc=\write8
\openout8 = `main_netxpto.toc'.

Package babel Info: Redefining portuges shorthand "|
(babel)             in language  on input line 24.
Package babel Info: Redefining portuges shorthand "|
(babel)             in language  on input line 24.
pdfTeX warning (ext4): destination with the same identifier (name{page.1}) has 
been already used, duplicate ignored
<to be read again> 
                   \relax 
l.24 \include{chapter/introduction}
                                    [1

]
\openout2 = `chapter/introduction.aux'.

 (chapter/introduction.tex
Cap\'{\i }tulo 1.
Package babel Info: Redefining portuges shorthand "|
(babel)             in language  on input line 3.
)
Package babel Info: Redefining portuges shorthand "|
(babel)             in language  on input line 24.
Package babel Info: Redefining portuges shorthand "|
(babel)             in language  on input line 24.
 [2


]
\openout2 = `chapter/simulator_structure.aux'.

 (chapter/simulator_structure.tex
Cap\'{\i }tulo 2.
Package babel Info: Redefining portuges shorthand "|
(babel)             in language  on input line 3.
Package babel Info: Redefining portuges shorthand "|
(babel)             in language  on input line 13.
)
Package babel Info: Redefining portuges shorthand "|
(babel)             in language  on input line 25.
Package babel Info: Redefining portuges shorthand "|
(babel)             in language  on input line 25.
 [3



]
\openout2 = `chapter/development_cycle.aux'.

 (chapter/development_cycle.tex
Cap\'{\i }tulo 3.
Package babel Info: Redefining portuges shorthand "|
(babel)             in language  on input line 3.

Underfull \hbox (badness 1132) in paragraph at lines 5--12
\T1/ppl/m/n/10.95 con-trol sys-tem. The NetXPTO-LinkPlanner re-po-si-tory is lo
-ca-ted in the GitHub site
 []

)
Package babel Info: Redefining portuges shorthand "|
(babel)             in language  on input line 26.
Package babel Info: Redefining portuges shorthand "|
(babel)             in language  on input line 26.
 [4



]
\openout2 = `chapter/visualizer.aux'.

 (chapter/visualizer.tex
Cap\'{\i }tulo 4.
Package babel Info: Redefining portuges shorthand "|
(babel)             in language  on input line 3.
)
Package babel Info: Redefining portuges shorthand "|
(babel)             in language  on input line 27.
Package babel Info: Redefining portuges shorthand "|
(babel)             in language  on input line 27.
 [5



]
\openout2 = `chapter/case_studies.aux'.

 (chapter/case_studies.tex
Cap\'{\i }tulo 5.
Package babel Info: Redefining portuges shorthand "|
(babel)             in language  on input line 3.
(sdf/qpsk_transmitter/qpsk_transmitter.tex
Package babel Info: Redefining portuges shorthand "|
(babel)             in language  on input line 1.

<./sdf/qpsk_transmitter/figures/qpsk_transmitter.pdf, id=141, 831.97066pt x 193
.29314pt>
File: ./sdf/qpsk_transmitter/figures/qpsk_transmitter.pdf Graphic file (type pd
f)
 <use ./sdf/qpsk_transmitter/figures/qpsk_transmitter.pdf>
Package pdftex.def Info: ./sdf/qpsk_transmitter/figures/qpsk_transmitter.pdf us
ed on input line 7.
(pdftex.def)             Requested size: 442.65375pt x 102.846pt.
LaTeX Font Info:    Font shape `T1/ppl/bx/n' in size <12> not available
(Font)              Font shape `T1/ppl/b/n' tried instead on input line 11.
Package babel Info: Redefining portuges shorthand "|
(babel)             in language  on input line 52.
Package babel Info: Redefining portuges shorthand "|
(babel)             in language  on input line 52.
 [6



 <./sdf/qpsk_transmitter/figures/qpsk_transmitter.pdf, page is rotated 90 degre
es>])
(sdf/quantum_noise/quantum_noise.tex
Package babel Info: Redefining portuges shorthand "|
(babel)             in language  on input line 1.
Package babel Info: Redefining portuges shorthand "|
(babel)             in language  on input line 1.
 [7]
Package babel Info: Redefining portuges shorthand "|
(babel)             in language  on input line 2.

Underfull \hbox (badness 10000) in paragraph at lines 6--21

 []


Underfull \hbox (badness 10000) in paragraph at lines 6--21

 []


Underfull \hbox (badness 10000) in paragraph at lines 6--21

 []


Underfull \hbox (badness 10000) in paragraph at lines 6--21

 []


Underfull \hbox (badness 10000) in paragraph at lines 6--21

 []


Underfull \hbox (badness 10000) in paragraph at lines 23--27

 []


Underfull \hbox (badness 10000) in paragraph at lines 23--27

 []


Underfull \hbox (badness 10000) in paragraph at lines 23--27

 []

Package babel Info: Redefining portuges shorthand "|
(babel)             in language  on input line 30.
Package babel Info: Redefining portuges shorthand "|
(babel)             in language  on input line 30.
[8

]
<./sdf/quantum_noise/figures/scheme1.pdf, id=179, 426.79132pt x 227.62204pt>
File: ./sdf/quantum_noise/figures/scheme1.pdf Graphic file (type pdf)

<use ./sdf/quantum_noise/figures/scheme1.pdf>
Package pdftex.def Info: ./sdf/quantum_noise/figures/scheme1.pdf used on input 
line 48.
(pdftex.def)             Requested size: 442.65375pt x 236.08572pt.
Package babel Info: Redefining portuges shorthand "|
(babel)             in language  on input line 81.
Package babel Info: Redefining portuges shorthand "|
(babel)             in language  on input line 81.
 [9 <./sdf/quantum_noise/figures/scheme1.pdf>]
Overfull \hbox (27.26935pt too wide) in paragraph at lines 141--141
 []\T1/ppl/m/n/10.95 num-be-rOf-Bits-Ge-ne-ra-ted| 
 []


Overfull \hbox (14.61125pt too wide) in paragraph at lines 141--141
 []\T1/ppl/m/n/10.95 lo-ca-lOs-cil-la-tor-Power1| 
 []


Overfull \hbox (14.61125pt too wide) in paragraph at lines 141--141
 []\T1/ppl/m/n/10.95 lo-ca-lOs-cil-la-tor-Power2| 
 []


Overfull \hbox (6.1908pt too wide) in paragraph at lines 141--141
 []\T1/ppl/m/n/10.95 lo-ca-lOs-cil-la-torPhase| 
 []


Overfull \hbox (2.75253pt too wide) in paragraph at lines 141--141
 []\T1/ppl/m/n/10.95 iqAm-pli-tu-de-Va-lues| 
 []

Package babel Info: Redefining portuges shorthand "|
(babel)             in language  on input line 143.
Package babel Info: Redefining portuges shorthand "|
(babel)             in language  on input line 143.
[10]
Package babel Info: Redefining portuges shorthand "|
(babel)             in language  on input line 149.
Package babel Info: Redefining portuges shorthand "|
(babel)             in language  on input line 149.
 [11]
<./sdf/quantum_noise/figures/constelation1.png, id=207, 421.575pt x 314.67563pt
>
File: ./sdf/quantum_noise/figures/constelation1.png Graphic file (type png)
 <use ./sdf/quantum_noise/figures/constelation1.png>
Package pdftex.def Info: ./sdf/quantum_noise/figures/constelation1.png used on 
input line 172.
(pdftex.def)             Requested size: 284.52756pt x 212.38246pt.

Underfull \hbox (badness 10000) in paragraph at lines 168--178

 []


Underfull \hbox (badness 10000) in paragraph at lines 168--178

 []

<./sdf/quantum_noise/figures/variance_n.png, id=209, 421.575pt x 316.18124pt>
File: ./sdf/quantum_noise/figures/variance_n.png Graphic file (type png)

<use ./sdf/quantum_noise/figures/variance_n.png>
Package pdftex.def Info: ./sdf/quantum_noise/figures/variance_n.png used on inp
ut line 180.
(pdftex.def)             Requested size: 284.52756pt x 213.39865pt.
Package babel Info: Redefining portuges shorthand "|
(babel)             in language  on input line 184.
Package babel Info: Redefining portuges shorthand "|
(babel)             in language  on input line 184.
 [12 <./sdf/quantum_noise/figures/constelation1.png (PNG copy)>]) (sdf/cv_syste
m/cv_system.tex
Package babel Info: Redefining portuges shorthand "|
(babel)             in language  on input line 36.
Package babel Info: Redefining portuges shorthand "|
(babel)             in language  on input line 36.
 [13 <./sdf/quantum_noise/figures/variance_n.png (PNG copy)>]
Package babel Info: Redefining portuges shorthand "|
(babel)             in language  on input line 37.

<./sdf/cv_system/figures/constellation.png, id=227, 637.38126pt x 626.34pt>
File: ./sdf/cv_system/figures/constellation.png Graphic file (type png)

<use ./sdf/cv_system/figures/constellation.png>
Package pdftex.def Info: ./sdf/cv_system/figures/constellation.png used on inpu
t line 45.
(pdftex.def)             Requested size: 221.32687pt x 217.49243pt.


LaTeX Warning: Command \^ invalid in math mode on input line 51.


LaTeX Warning: Command \textordmasculine invalid in math mode on input line 51.


Missing character: There is no Â in font cmr10!

LaTeX Warning: Command \^ invalid in math mode on input line 51.


LaTeX Warning: Command \textordmasculine invalid in math mode on input line 51.


Missing character: There is no Â in font cmr10!

LaTeX Warning: Command \^ invalid in math mode on input line 52.


LaTeX Warning: Command \textordmasculine invalid in math mode on input line 52.


Missing character: There is no Â in font cmr10!

LaTeX Warning: Command \^ invalid in math mode on input line 53.


LaTeX Warning: Command \textordmasculine invalid in math mode on input line 53.


Missing character: There is no Â in font cmr10!
Package babel Info: Redefining portuges shorthand "|
(babel)             in language  on input line 72.
Package babel Info: Redefining portuges shorthand "|
(babel)             in language  on input line 72.
[14

 <./sdf/cv_system/figures/constellation.png>]

LaTeX Warning: Command \^ invalid in math mode on input line 80.


LaTeX Warning: Command \textordmasculine invalid in math mode on input line 80.


Missing character: There is no Â in font cmr10!

LaTeX Warning: Command \^ invalid in math mode on input line 80.


LaTeX Warning: Command \textordmasculine invalid in math mode on input line 80.


Missing character: There is no Â in font cmr10!

Underfull \hbox (badness 4378) in paragraph at lines 91--92
[]\T1/ppl/m/n/10.95 We can de-fine the "cor-rect"and "wrong"basis me-a-su-re-me
nt pro-ba-bi-lity den-sity,
 []


<./sdf/cv_system/figures/singlehomodyne.pdf, id=239, 597.23125pt x 845.1575pt>
File: ./sdf/cv_system/figures/singlehomodyne.pdf Graphic file (type pdf)

<use ./sdf/cv_system/figures/singlehomodyne.pdf>
Package pdftex.def Info: ./sdf/cv_system/figures/singlehomodyne.pdf used on inp
ut line 118.
(pdftex.def)             Requested size: 442.65375pt x 352.26122pt.


LaTeX Warning: `h' float specifier changed to `ht'.

Package babel Info: Redefining portuges shorthand "|
(babel)             in language  on input line 128.
Package babel Info: Redefining portuges shorthand "|
(babel)             in language  on input line 128.
[15]
Package babel Info: Redefining portuges shorthand "|
(babel)             in language  on input line 140.
Package babel Info: Redefining portuges shorthand "|
(babel)             in language  on input line 140.
 [16 <./sdf/cv_system/figures/singlehomodyne.pdf>]
<./figures/doublehomodynePSE.pdf, id=269, 597.23125pt x 845.1575pt>
File: ./figures/doublehomodynePSE.pdf Graphic file (type pdf)

<use ./figures/doublehomodynePSE.pdf>
Package pdftex.def Info: ./figures/doublehomodynePSE.pdf used on input line 164
.
(pdftex.def)             Requested size: 212.4719pt x 169.0816pt.

<./figures/doublehomodyneBER.pdf, id=270, 597.23125pt x 845.1575pt>
File: ./figures/doublehomodyneBER.pdf Graphic file (type pdf)

<use ./figures/doublehomodyneBER.pdf>
Package pdftex.def Info: ./figures/doublehomodyneBER.pdf used on input line 169
.
(pdftex.def)             Requested size: 212.4719pt x 169.0816pt.


LaTeX Warning: `h' float specifier changed to `ht'.

<./figures/singlehomodyneSimuBlock.png, id=273, 963.6pt x 170.6375pt>
File: ./figures/singlehomodyneSimuBlock.png Graphic file (type png)

<use ./figures/singlehomodyneSimuBlock.png>
Package pdftex.def Info: ./figures/singlehomodyneSimuBlock.png used on input li
ne 182.
(pdftex.def)             Requested size: 442.65375pt x 78.38483pt.

<./figures/doublehomodyneSimuBlock.png, id=274, 963.6pt x 170.6375pt>
File: ./figures/doublehomodyneSimuBlock.png Graphic file (type png)

<use ./figures/doublehomodyneSimuBlock.png>
Package pdftex.def Info: ./figures/doublehomodyneSimuBlock.png used on input li
ne 190.
(pdftex.def)             Requested size: 442.65375pt x 78.38483pt.


LaTeX Warning: `h' float specifier changed to `ht'.

Package babel Info: Redefining portuges shorthand "|
(babel)             in language  on input line 209.
Package babel Info: Redefining portuges shorthand "|
(babel)             in language  on input line 209.
[17]
Package babel Info: Redefining portuges shorthand "|
(babel)             in language  on input line 239.
Package babel Info: Redefining portuges shorthand "|
(babel)             in language  on input line 239.
 [18 <./figures/doublehomodynePSE.pdf> <./figures/doublehomodyneBER.pdf> <./fig
ures/singlehomodyneSimuBlock.png> <./figures/doublehomodyneSimuBlock.png>]
Overfull \hbox (17.1643pt too wide) in paragraph at lines 262--262
 []\T1/ppl/m/n/10.95 num-be-rOf-Bits-Ge-ne-ra-ted| 
 []


Overfull \hbox (33.03085pt too wide) in paragraph at lines 262--262
 []\T1/ppl/m/n/10.95 lo-ca-lOs-cil-la-tor-Power_dBm1| 
 []


Overfull \hbox (4.50621pt too wide) in paragraph at lines 262--262
 []\T1/ppl/m/n/10.95 lo-ca-lOs-cil-la-tor-Power2| 
 []


Overfull \hbox (1.56075pt too wide) in paragraph at lines 262--262
 []\T1/ppl/m/n/10.95 lo-ca-lOs-cil-la-torPhase1| 
 []


Overfull \hbox (1.56075pt too wide) in paragraph at lines 262--262
 []\T1/ppl/m/n/10.95 lo-ca-lOs-cil-la-torPhase2| 
 []


Overfull \hbox (22.57306pt too wide) in paragraph at lines 262--262
 []\T1/ppl/m/n/10.95 elec-tri-cal-Noi-se-Am-pli-tude| 
 []

Package babel Info: Redefining portuges shorthand "|
(babel)             in language  on input line 279.
Package babel Info: Redefining portuges shorthand "|
(babel)             in language  on input line 279.
[19] <./figures/directBER.pdf, id=319, 597.23125pt x 845.1575pt>
File: ./figures/directBER.pdf Graphic file (type pdf)

<use ./figures/directBER.pdf>
Package pdftex.def Info: ./figures/directBER.pdf used on input line 300.
(pdftex.def)             Requested size: 442.65375pt x 352.26122pt.


LaTeX Warning: `h' float specifier changed to `ht'.

<./figures/adaptedBER.pdf, id=323, 597.23125pt x 845.1575pt>
File: ./figures/adaptedBER.pdf Graphic file (type pdf)

<use ./figures/adaptedBER.pdf>
Package pdftex.def Info: ./figures/adaptedBER.pdf used on input line 311.
(pdftex.def)             Requested size: 442.65375pt x 352.26122pt.


LaTeX Warning: `h' float specifier changed to `ht'.

(main_netxpto.bbl
Package babel Info: Redefining portuges shorthand "|
(babel)             in language  on input line 1.
Package babel Info: Redefining portuges shorthand "|
(babel)             in language  on input line 1.
 [20]
Package babel Info: Redefining portuges shorthand "|
(babel)             in language  on input line 1.
Package babel Info: Redefining portuges shorthand "|
(babel)             in language  on input line 1.
 [21 <./figures/directBER.pdf>]
Package babel Info: Redefining portuges shorthand "|
(babel)             in language  on input line 1.
Package babel Info: Redefining portuges shorthand "|
(babel)             in language  on input line 1.
 [22 <./figures/adaptedBER.pdf>])) (sdf/simplified_coherent_receiver/simplified
_coherent_receiver.tex
Package babel Info: Redefining portuges shorthand "|
(babel)             in language  on input line 1.
Package babel Info: Redefining portuges shorthand "|
(babel)             in language  on input line 1.

[23

]
Package babel Info: Redefining portuges shorthand "|
(babel)             in language  on input line 2.
File: ./sdf/qpsk_transmitter/figures/qpsk_transmitter.pdf Graphic file (type pd
f)
 <use ./sdf/qpsk_transmitter/figures/qpsk_transmitter.pdf>
Package pdftex.def Info: ./sdf/qpsk_transmitter/figures/qpsk_transmitter.pdf us
ed on input line 8.
(pdftex.def)             Requested size: 442.65375pt x 102.846pt.
Package babel Info: Redefining portuges shorthand "|
(babel)             in language  on input line 63.
Package babel Info: Redefining portuges shorthand "|
(babel)             in language  on input line 63.
 [24

]))
Package babel Info: Redefining portuges shorthand "|
(babel)             in language  on input line 28.
Package babel Info: Redefining portuges shorthand "|
(babel)             in language  on input line 28.
 [25]
\openout2 = `chapter/library.aux'.


(chapter/library.tex
Cap\'{\i }tulo 6.
Package babel Info: Redefining portuges shorthand "|
(babel)             in language  on input line 3.
(lib/add/add.tex
Package babel Info: Redefining portuges shorthand "|
(babel)             in language  on input line 1.
Package babel Info: Redefining portuges shorthand "|
(babel)             in language  on input line 1.
 [26



]
Package babel Info: Redefining portuges shorthand "|
(babel)             in language  on input line 3.
) (lib/binary_source/binary_source.tex
Package babel Info: Redefining portuges shorthand "|
(babel)             in language  on input line 1.
Package babel Info: Redefining portuges shorthand "|
(babel)             in language  on input line 1.
 [27

]
Package babel Info: Redefining portuges shorthand "|
(babel)             in language  on input line 3.

Underfull \hbox (badness 10000) in paragraph at lines 22--24
[]\T1/ppl/m/n/10.95 mode{PseudoRandom}
 []


Underfull \hbox (badness 10000) in paragraph at lines 24--26
[]\T1/ppl/m/n/10.95 probabilityOfZero{0.5}
 []


Underfull \hbox (badness 10000) in paragraph at lines 26--28
[]\T1/ppl/m/n/10.95 patternLength{7}
 []


Underfull \hbox (badness 10000) in paragraph at lines 28--30
[]\T1/ppl/m/n/10.95 bitStream{"0100011101010101"}
 []


Underfull \hbox (badness 10000) in paragraph at lines 30--32
[]\T1/ppl/m/n/10.95 numberOfBits{-1}
 []


Underfull \hbox (badness 10000) in paragraph at lines 32--34
[]\T1/ppl/m/n/10.95 bitPeriod{1.0/100e9}
 []

Package babel Info: Redefining portuges shorthand "|
(babel)             in language  on input line 58.
Package babel Info: Redefining portuges shorthand "|
(babel)             in language  on input line 58.
[28

]
Underfull \hbox (badness 2635) in paragraph at lines 72--73
 []\T1/ppl/b/n/10.95 Random Mode \T1/ppl/m/n/10.95 Ge-ne-ra-tes a 0 with pro-ba
-bi-lity \T1/ppl/m/it/10.95 pro-ba-bi-lityOf-Zero \T1/ppl/m/n/10.95 and a 1 wit
h
 []


Underfull \hbox (badness 4805) in paragraph at lines 101--102
 []\T1/ppl/b/n/10.95 PseudoRandom Mode \T1/ppl/m/n/10.95 As an exam-ple con-si-
der a pseu-do-ran-dom se-quence with
 []

Package babel Info: Redefining portuges shorthand "|
(babel)             in language  on input line 102.
Package babel Info: Redefining portuges shorthand "|
(babel)             in language  on input line 102.
[29]
<./lib/binary_source/figures/BinarySequenceN3.png, id=404, 404.712pt x 297.2706
pt>
File: ./lib/binary_source/figures/BinarySequenceN3.png Graphic file (type png)
 <use ./lib/binary_source/figures/BinarySequenceN3.png>
Package pdftex.def Info: ./lib/binary_source/figures/BinarySequenceN3.png used 
on input line 105.
(pdftex.def)             Requested size: 221.32687pt x 162.56946pt.

<./lib/binary_source/figures/BinarySource_output.jpg, id=406, 562.1pt x 419.567
5pt>
File: ./lib/binary_source/figures/BinarySource_output.jpg Graphic file (type jp
g)
 <use ./lib/binary_source/figures/BinarySource_output.jpg>
Package pdftex.def Info: ./lib/binary_source/figures/BinarySource_output.jpg us
ed on input line 119.
(pdftex.def)             Requested size: 442.65375pt x 330.41115pt.
)
(lib/clock/clock.tex
Package babel Info: Redefining portuges shorthand "|
(babel)             in language  on input line 1.
Package babel Info: Redefining portuges shorthand "|
(babel)             in language  on input line 1.
 [30 <./lib/binary_source/figures/BinarySequenceN3.png>]
Package babel Info: Redefining portuges shorthand "|
(babel)             in language  on input line 1.
Package babel Info: Redefining portuges shorthand "|
(babel)             in language  on input line 1.

[31 <./lib/binary_source/figures/BinarySource_output.jpg>]
Package babel Info: Redefining portuges shorthand "|
(babel)             in language  on input line 3.
Package babel Info: Redefining portuges shorthand "|
(babel)             in language  on input line 32.
Package babel Info: Redefining portuges shorthand "|
(babel)             in language  on input line 32.
 [32

]
Underfull \hbox (badness 10000) in paragraph at lines 41--42
 []\T1/ppl/b/n/10.95 Type: \T1/ppl/m/n/10.95 Se-quence of Di-rac's delta func-t
i-ons.
 []

<./lib/clock/figures/Clock_output.jpg, id=432, 562.1pt x 419.5675pt>
File: ./lib/clock/figures/Clock_output.jpg Graphic file (type jpg)

<use ./lib/clock/figures/Clock_output.jpg>
Package pdftex.def Info: ./lib/clock/figures/Clock_output.jpg used on input lin
e 47.
(pdftex.def)             Requested size: 442.65375pt x 330.41115pt.
)
(lib/coupler_2_by_2/coupler_2_by_2.tex
Package babel Info: Redefining portuges shorthand "|
(babel)             in language  on input line 1.
Package babel Info: Redefining portuges shorthand "|
(babel)             in language  on input line 1.
 [33 <./lib/clock/figures/Clock_output.jpg>]
Package babel Info: Redefining portuges shorthand "|
(babel)             in language  on input line 2.

<./lib/coupler_2_by_2/figures/coupler_2_by_2.pdf, id=445, 963.6pt x 542.025pt>
File: ./lib/coupler_2_by_2/figures/coupler_2_by_2.pdf Graphic file (type pdf)

<use ./lib/coupler_2_by_2/figures/coupler_2_by_2.pdf>
Package pdftex.def Info: ./lib/coupler_2_by_2/figures/coupler_2_by_2.pdf used o
n input line 29.
(pdftex.def)             Requested size: 442.65375pt x 248.98715pt.
) (lib/decoder/decoder.tex
Package babel Info: Redefining portuges shorthand "|
(babel)             in language  on input line 1.
Package babel Info: Redefining portuges shorthand "|
(babel)             in language  on input line 1.
[34

 <./lib/coupler_2_by_2/figures/coupler_2_by_2.pdf>]
Package babel Info: Redefining portuges shorthand "|
(babel)             in language  on input line 3.
LaTeX Font Info:    Try loading font information for T1+pcr on input line 10.

("C:\Program Files\MiKTeX 2.9\tex\latex\psnfss\t1pcr.fd"
File: t1pcr.fd 2001/06/04 font definitions for T1/pcr.
)
Package babel Info: Redefining portuges shorthand "|
(babel)             in language  on input line 39.
Package babel Info: Redefining portuges shorthand "|
(babel)             in language  on input line 39.
 [35

]
<./lib/decoder/figures/Decoder_output.jpg, id=474, 562.1pt x 419.5675pt>
File: ./lib/decoder/figures/Decoder_output.jpg Graphic file (type jpg)

<use ./lib/decoder/figures/Decoder_output.jpg>
Package pdftex.def Info: ./lib/decoder/figures/Decoder_output.jpg used on input
 line 58.
(pdftex.def)             Requested size: 442.65375pt x 330.41115pt.
)
(lib/discrete_to_continuous_time/discrete_to_continuous_time.tex
Package babel Info: Redefining portuges shorthand "|
(babel)             in language  on input line 1.
Package babel Info: Redefining portuges shorthand "|
(babel)             in language  on input line 1.
 [36 <./lib/decoder/figures/Decoder_output.jpg>]
Package babel Info: Redefining portuges shorthand "|
(babel)             in language  on input line 1.
Package babel Info: Redefining portuges shorthand "|
(babel)             in language  on input line 1.
 [37]
Package babel Info: Redefining portuges shorthand "|
(babel)             in language  on input line 3.

Underfull \hbox (badness 10000) in paragraph at lines 10--12
[]\T1/ppl/m/n/10.95 numberOfSamplesPerSymbol{8}
 []


Underfull \hbox (badness 10000) in paragraph at lines 16--17
\T1/ppl/m/n/10.95 DiscreteToContinuousTime(vector$\OML/cmm/m/it/10.95 <$\T1/ppl
/m/n/10.95 Signal *$\OML/cmm/m/it/10.95 >$ \T1/ppl/m/n/10.95 &in-put-Sig-nals, 
vector$\OML/cmm/m/it/10.95 <$\T1/ppl/m/n/10.95 Signal *$\OML/cmm/m/it/10.95 >$
 []


<./figures/../lib/discrete_to_continuous_time/figures/TimeDiscreteToContinuous_
output.jpg, id=493, 562.1pt x 419.5675pt>
File: ./figures/../lib/discrete_to_continuous_time/figures/TimeDiscreteToContin
uous_output.jpg Graphic file (type jpg)

<use ./figures/../lib/discrete_to_continuous_time/figures/TimeDiscreteToContinu
ous_output.jpg>
Package pdftex.def Info: ./figures/../lib/discrete_to_continuous_time/figures/T
imeDiscreteToContinuous_output.jpg used on input line 46.
(pdftex.def)             Requested size: 442.65375pt x 330.41115pt.


LaTeX Warning: `h' float specifier changed to `ht'.

)
Package babel Info: Redefining portuges shorthand "|
(babel)             in language  on input line 11.
Package babel Info: Redefining portuges shorthand "|
(babel)             in language  on input line 11.
 [38

] (lib/homodyne_receiver/homodyne_receiver.tex
Package babel Info: Redefining portuges shorthand "|
(babel)             in language  on input line 1.
Package babel Info: Redefining portuges shorthand "|
(babel)             in language  on input line 1.
 [39 <./figures/../lib/discrete_to_continuous_time/figures/TimeDiscreteToContin
uous_output.jpg>]
Package babel Info: Redefining portuges shorthand "|
(babel)             in language  on input line 3.

<./figures/../lib/homodyne_receiver/figures/MQAM_receiver_block_diagram_simple.
png, id=514, 1139.00531pt x 149.8097pt>
File: ./figures/../lib/homodyne_receiver/figures/MQAM_receiver_block_diagram_si
mple.png Graphic file (type png)

<use ./figures/../lib/homodyne_receiver/figures/MQAM_receiver_block_diagram_sim
ple.png>
Package pdftex.def Info: ./figures/../lib/homodyne_receiver/figures/MQAM_receiv
er_block_diagram_simple.png used on input line 9.
(pdftex.def)             Requested size: 354.12434pt x 46.57538pt.

<./figures/../lib/homodyne_receiver/figures/MQAM_receiver_block_diagram.png, id
=517, 2048.40282pt x 726.46407pt>
File: ./figures/../lib/homodyne_receiver/figures/MQAM_receiver_block_diagram.pn
g Graphic file (type png)

<use ./figures/../lib/homodyne_receiver/figures/MQAM_receiver_block_diagram.png
>
Package pdftex.def Info: ./figures/../lib/homodyne_receiver/figures/MQAM_receiv
er_block_diagram.png used on input line 22.
(pdftex.def)             Requested size: 442.65375pt x 156.98485pt.

Underfull \hbox (badness 10000) in paragraph at lines 35--35
[]|\T1/ppl/m/n/10.95 Vector of
 []


Underfull \hbox (badness 10000) in paragraph at lines 35--35
\T1/ppl/m/n/10.95 co-or-di-nate
 []


Underfull \hbox (badness 3333) in paragraph at lines 35--35
\T1/ppl/m/n/10.95 points in the
 []


Underfull \hbox (badness 1661) in paragraph at lines 35--35
[]|\T1/ppl/b/n/10.95 Example \T1/ppl/m/n/10.95 for a 4-qam
 []


Underfull \hbox (badness 10000) in paragraph at lines 36--36
[]|\T1/ppl/m/n/10.95 Local os-cil-la-tor
 []


Overfull \hbox (16.92781pt too wide) in paragraph at lines 36--36
[]|\T1/ppl/m/n/10.95 setLocalOscillatorOpticalPower_dBm| 
 []


Underfull \hbox (badness 10000) in paragraph at lines 36--36
[]|\T1/ppl/m/n/10.95 Any dou-ble gre-a-ter
 []


Underfull \hbox (badness 10000) in paragraph at lines 37--37
[]|\T1/ppl/m/n/10.95 Local os-cil-la-tor
 []


Underfull \hbox (badness 10000) in paragraph at lines 37--37
[]|\T1/ppl/m/n/10.95 Any dou-ble gre-a-ter
 []


Underfull \hbox (badness 10000) in paragraph at lines 39--39
[]|\T1/ppl/m/n/10.95 Amplification (of
 []


Underfull \hbox (badness 10000) in paragraph at lines 40--40
[]|\T1/ppl/m/n/10.95 Noise am-pli-tude
 []


Underfull \hbox (badness 2653) in paragraph at lines 40--40
\T1/ppl/m/n/10.95 (in-tro-du-ced by the
 []


Underfull \hbox (badness 10000) in paragraph at lines 40--40
[]|\T1/ppl/m/n/10.95 Real num-ber gre-a-ter
 []


Underfull \hbox (badness 10000) in paragraph at lines 43--44
[]|\T1/ppl/m/n/10.95 Givem by
 []


Overfull \hbox (35.5882pt too wide) in paragraph at lines 43--44
\T1/ppl/m/it/10.95 sym-bol-Pe-riod\T1/ppl/m/n/10.95 /\T1/ppl/m/it/10.95 samples
PerSymbol| 
 []


Overfull \hbox (56.89983pt too wide) in paragraph at lines 32--46
 [] 
 []


LaTeX Warning: `h' float specifier changed to `ht'.

Package babel Info: Redefining portuges shorthand "|
(babel)             in language  on input line 51.
Package babel Info: Redefining portuges shorthand "|
(babel)             in language  on input line 51.
[40

 <./figures/../lib/homodyne_receiver/figures/MQAM_receiver_block_diagram_simple
.png> <./figures/../lib/homodyne_receiver/figures/MQAM_receiver_block_diagram.p
ng

pdfTeX warning: pdflatex.exe (file ./figures/../lib/homodyne_receiver/figures/M
QAM_receiver_block_diagram.png): large interlaced PNG might cause out of memory
 (use non-interlaced PNG to fix this)
>]
Underfull \hbox (badness 1838) in paragraph at lines 54--55
\T1/ppl/m/n/10.95 HomodyneReceiver(vector$\OML/cmm/m/it/10.95 <$\T1/ppl/m/n/10.
95 Signal *$\OML/cmm/m/it/10.95 >$ \T1/ppl/m/n/10.95 &in-put-Sig-nal, vector$\O
ML/cmm/m/it/10.95 <$\T1/ppl/m/n/10.95 Signal *$\OML/cmm/m/it/10.95 >$ \T1/ppl/m
/n/10.95 &out-put-Sig-nal)
 []

Package babel Info: Redefining portuges shorthand "|
(babel)             in language  on input line 75.
Package babel Info: Redefining portuges shorthand "|
(babel)             in language  on input line 75.
[41]
Package babel Info: Redefining portuges shorthand "|
(babel)             in language  on input line 89.
Package babel Info: Redefining portuges shorthand "|
(babel)             in language  on input line 89.
 [42]) (lib/iq_modulator/iq_modulator.tex
Package babel Info: Redefining portuges shorthand "|
(babel)             in language  on input line 1.
Package babel Info: Redefining portuges shorthand "|
(babel)             in language  on input line 1.
 [43]
Package babel Info: Redefining portuges shorthand "|
(babel)             in language  on input line 3.

Underfull \hbox (badness 10000) in paragraph at lines 10--12
[]\T1/ppl/m/n/10.95 outputOpticalPower{1e-3}
 []


Underfull \hbox (badness 10000) in paragraph at lines 12--13
[]\T1/ppl/m/n/10.95 outputOpticalWavelength{1550e-9}
 []


Underfull \hbox (badness 10000) in paragraph at lines 13--15
[]\T1/ppl/m/n/10.95 outputOpticalFrequency{speed$[]$of$[]$light/outputOpticalWa
velength}
 []


Underfull \hbox (badness 10000) in paragraph at lines 45--46
 []\T1/ppl/b/n/10.95 Type \T1/ppl/m/n/10.95 : Se-quence of im-pul-ses mo-du-la-
ted by the fil-ter
 []

Package babel Info: Redefining portuges shorthand "|
(babel)             in language  on input line 47.
Package babel Info: Redefining portuges shorthand "|
(babel)             in language  on input line 47.
[44

]
<./figures/../lib/iq_modulator/figures/IQmodulator0_output.jpg, id=562, 562.1pt
 x 421.575pt>
File: ./figures/../lib/iq_modulator/figures/IQmodulator0_output.jpg Graphic fil
e (type jpg)

<use ./figures/../lib/iq_modulator/figures/IQmodulator0_output.jpg>
Package pdftex.def Info: ./figures/../lib/iq_modulator/figures/IQmodulator0_out
put.jpg used on input line 56.
(pdftex.def)             Requested size: 442.65375pt x 331.99207pt.
)
(lib/local_oscillator/local_oscillator.tex
Package babel Info: Redefining portuges shorthand "|
(babel)             in language  on input line 1.
Package babel Info: Redefining portuges shorthand "|
(babel)             in language  on input line 1.
 [45 <./figures/../lib/iq_modulator/figures/IQmodulator0_output.jpg>]
Package babel Info: Redefining portuges shorthand "|
(babel)             in language  on input line 3.

Underfull \hbox (badness 10000) in paragraph at lines 22--23
[]\T1/ppl/m/n/10.95 LocalOscillator(vector$\OML/cmm/m/it/10.95 <$\T1/ppl/m/n/10
.95 Signal *$\OML/cmm/m/it/10.95 >$ \T1/ppl/m/n/10.95 &In-put-Sig, vector$\OML/
cmm/m/it/10.95 <$\T1/ppl/m/n/10.95 Signal *$\OML/cmm/m/it/10.95 >$ \T1/ppl/m/n/
10.95 &Out-put-Sig)
 []

Package babel Info: Redefining portuges shorthand "|
(babel)             in language  on input line 47.
Package babel Info: Redefining portuges shorthand "|
(babel)             in language  on input line 47.
[46

]) (lib/m_qam_mapper/m_qam_mapper.tex
Package babel Info: Redefining portuges shorthand "|
(babel)             in language  on input line 1.
Package babel Info: Redefining portuges shorthand "|
(babel)             in language  on input line 1.
 [47]
Package babel Info: Redefining portuges shorthand "|
(babel)             in language  on input line 3.

Underfull \hbox (badness 10000) in paragraph at lines 10--12
[]\T1/ppl/m/n/10.95 m{4}
 []


Underfull \hbox (badness 10000) in paragraph at lines 12--13
[]\T1/ppl/m/n/10.95 iqAmplitudes{{ 1.0, 1.0 }, { -1.0, 1.0 }, { -1.0, -1.0 }, {
 1.0, -1.0 }}
 []


Underfull \hbox (badness 10000) in paragraph at lines 12--13

 []


Underfull \hbox (badness 10000) in paragraph at lines 18--19
\T1/ppl/m/n/10.95 MQamMapper(vector$\OML/cmm/m/it/10.95 <$\T1/ppl/m/n/10.95 Sig
nal *$\OML/cmm/m/it/10.95 >$ \T1/ppl/m/n/10.95 &In-put-Sig, vector$\OML/cmm/m/i
t/10.95 <$\T1/ppl/m/n/10.95 Signal *$\OML/cmm/m/it/10.95 >$ \T1/ppl/m/n/10.95 &
Out-put-Sig)
 []


<./lib/m_qam_mapper/figures/MQAM_constellation.png, id=592, 357.4956pt x 345.45
06pt>
File: ./lib/m_qam_mapper/figures/MQAM_constellation.png Graphic file (type png)

 <use ./lib/m_qam_mapper/figures/MQAM_constellation.png>
Package pdftex.def Info: ./lib/m_qam_mapper/figures/MQAM_constellation.png used
 on input line 34.
(pdftex.def)             Requested size: 265.59494pt x 256.66258pt.

<./lib/m_qam_mapper/figures/IQmodulator_output.jpg, id=593, 562.1pt x 419.5675p
t>
File: ./lib/m_qam_mapper/figures/IQmodulator_output.jpg Graphic file (type jpg)

 <use ./lib/m_qam_mapper/figures/IQmodulator_output.jpg>
Package pdftex.def Info: ./lib/m_qam_mapper/figures/IQmodulator_output.jpg used
 on input line 56.
(pdftex.def)             Requested size: 442.65375pt x 330.41115pt.
)
(lib/m_qam_transmitter/m_qam_transmitter.tex
Package babel Info: Redefining portuges shorthand "|
(babel)             in language  on input line 1.
Package babel Info: Redefining portuges shorthand "|
(babel)             in language  on input line 1.
 [48

]
Package babel Info: Redefining portuges shorthand "|
(babel)             in language  on input line 1.
Package babel Info: Redefining portuges shorthand "|
(babel)             in language  on input line 1.
 [49 <./lib/m_qam_mapper/figures/MQAM_constellation.png>]
Package babel Info: Redefining portuges shorthand "|
(babel)             in language  on input line 1.
Package babel Info: Redefining portuges shorthand "|
(babel)             in language  on input line 1.
 [50 <./lib/m_qam_mapper/figures/IQmodulator_output.jpg>]
Package babel Info: Redefining portuges shorthand "|
(babel)             in language  on input line 3.

<./lib/m_qam_transmitter/figures/MQAM_transmitter_block_diagram_simple.png, id=
621, 727.21687pt x 154.32657pt>
File: ./lib/m_qam_transmitter/figures/MQAM_transmitter_block_diagram_simple.png
 Graphic file (type png)

<use ./lib/m_qam_transmitter/figures/MQAM_transmitter_block_diagram_simple.png>
Package pdftex.def Info: ./lib/m_qam_transmitter/figures/MQAM_transmitter_block
_diagram_simple.png used on input line 9.
(pdftex.def)             Requested size: 221.32687pt x 46.96944pt.

<./lib/m_qam_transmitter/figures/MQAM_transmitter_block_diagram.png, id=625, 16
99.85063pt x 444.15938pt>
File: ./lib/m_qam_transmitter/figures/MQAM_transmitter_block_diagram.png Graphi
c file (type png)

<use ./lib/m_qam_transmitter/figures/MQAM_transmitter_block_diagram.png>
Package pdftex.def Info: ./lib/m_qam_transmitter/figures/MQAM_transmitter_block
_diagram.png used on input line 19.
(pdftex.def)             Requested size: 442.65375pt x 115.6617pt.

Overfull \hbox (19.01059pt too wide) in paragraph at lines 32--32
\T1/ppl/m/n/10.95 DeterministicAppendZeros 
 []


Underfull \hbox (badness 10000) in paragraph at lines 33--33
[]|\T1/ppl/m/n/10.95 Number of bits
 []


Underfull \hbox (badness 10000) in paragraph at lines 34--34
[]|\T1/ppl/m/n/10.95 Real num-ber gre-a-ter
 []


Overfull \hbox (22.34709pt too wide) in paragraph at lines 36--36
[]|\T1/ppl/m/n/10.95 setNumberOfSamplesPerSymbol()| 
 []


Underfull \hbox (badness 3919) in paragraph at lines 36--36
\T1/ppl/m/n/10.95 type $\OT1/cmr/m/n/10.95 2[]$ \T1/ppl/m/n/10.95 with n also
 []


Underfull \hbox (badness 10000) in paragraph at lines 38--38
[]|\T1/ppl/m/n/10.95 Vector of
 []


Underfull \hbox (badness 10000) in paragraph at lines 38--38
\T1/ppl/m/n/10.95 co-or-di-nate
 []


Underfull \hbox (badness 3333) in paragraph at lines 38--38
\T1/ppl/m/n/10.95 points in the
 []


Underfull \hbox (badness 1661) in paragraph at lines 38--38
[]|\T1/ppl/b/n/10.95 Example \T1/ppl/m/n/10.95 for a 4-qam
 []


Underfull \hbox (badness 10000) in paragraph at lines 39--39
[]|\T1/ppl/m/n/10.95 Output op-ti-cal
 []


Underfull \hbox (badness 10000) in paragraph at lines 39--39
[]|\T1/ppl/m/n/10.95 Real num-ber gre-a-ter
 []


Overfull \hbox (36.98299pt too wide) in paragraph at lines 29--43
 [] 
 []


LaTeX Warning: `h' float specifier changed to `ht'.

Package babel Info: Redefining portuges shorthand "|
(babel)             in language  on input line 65.
Package babel Info: Redefining portuges shorthand "|
(babel)             in language  on input line 65.
[51

 <./lib/m_qam_transmitter/figures/MQAM_transmitter_block_diagram_simple.png> <.
/lib/m_qam_transmitter/figures/MQAM_transmitter_block_diagram.png>]
Underfull \hbox (badness 2922) in paragraph at lines 68--69
\T1/ppl/m/n/10.95 MQamTransmitter(vector$\OML/cmm/m/it/10.95 <$\T1/ppl/m/n/10.9
5 Signal *$\OML/cmm/m/it/10.95 >$ \T1/ppl/m/n/10.95 &in-put-Sig-nal, vector$\OM
L/cmm/m/it/10.95 <$\T1/ppl/m/n/10.95 Signal *$\OML/cmm/m/it/10.95 >$ \T1/ppl/m/
n/10.95 &out-put-Sig-nal);
 []

Package babel Info: Redefining portuges shorthand "|
(babel)             in language  on input line 88.
Package babel Info: Redefining portuges shorthand "|
(babel)             in language  on input line 88.
[52]
Package babel Info: Redefining portuges shorthand "|
(babel)             in language  on input line 124.
Package babel Info: Redefining portuges shorthand "|
(babel)             in language  on input line 124.
 [53]
<./lib/m_qam_transmitter/figures/BinarySource_output.jpg, id=646, 562.1pt x 419
.5675pt>
File: ./lib/m_qam_transmitter/figures/BinarySource_output.jpg Graphic file (typ
e jpg)
 <use ./lib/m_qam_transmitter/figures/BinarySource_output.jpg>
Package pdftex.def Info: ./lib/m_qam_transmitter/figures/BinarySource_output.jp
g used on input line 135.
(pdftex.def)             Requested size: 354.12434pt x 264.32892pt.

<./lib/m_qam_transmitter/figures/IQmodulator0_output.jpg, id=647, 562.1pt x 421
.575pt>
File: ./lib/m_qam_transmitter/figures/IQmodulator0_output.jpg Graphic file (typ
e jpg)
 <use ./lib/m_qam_transmitter/figures/IQmodulator0_output.jpg>
Package pdftex.def Info: ./lib/m_qam_transmitter/figures/IQmodulator0_output.jp
g used on input line 141.
(pdftex.def)             Requested size: 354.12434pt x 265.59364pt.


LaTeX Warning: `h' float specifier changed to `ht'.

))
Package babel Info: Redefining portuges shorthand "|
(babel)             in language  on input line 29.
Package babel Info: Redefining portuges shorthand "|
(babel)             in language  on input line 29.
 [54 <./lib/m_qam_transmitter/figures/BinarySource_output.jpg>]
Package babel Info: Redefining portuges shorthand "|
(babel)             in language  on input line 29.
Package babel Info: Redefining portuges shorthand "|
(babel)             in language  on input line 29.
 [55 <./lib/m_qam_transmitter/figures/IQmodulator0_output.jpg>]
No file main_netxpto.gls.
No file main_netxpto.acr.
Package atveryend Info: Empty hook `BeforeClearDocument' on input line 62.
Package babel Info: Redefining portuges shorthand "|
(babel)             in language  on input line 62.
Package babel Info: Redefining portuges shorthand "|
(babel)             in language  on input line 62.
[56

]
Package atveryend Info: Empty hook `AfterLastShipout' on input line 62.
 (main_netxpto.aux (chapter/introduction.aux)
(chapter/simulator_structure.aux) (chapter/development_cycle.aux)
(chapter/visualizer.aux) (chapter/case_studies.aux) (chapter/library.aux))
Package atveryend Info: Executing hook `AtVeryEndDocument' on input line 62.
Package atveryend Info: Executing hook `AtEndAfterFileList' on input line 62.
Package rerunfilecheck Info: File `main_netxpto.out' has not changed.
(rerunfilecheck)             Checksum: 7690A115FA1F6CC67D91CE101C00DCE7;1310.


LaTeX Warning: There were multiply-defined labels.

Package atveryend Info: Empty hook `AtVeryVeryEnd' on input line 62.
 ) 
Here is how much of TeX's memory you used:
 16496 strings out of 493328
 268777 string characters out of 3139131
 428114 words of memory out of 3000000
 19239 multiletter control sequences out of 15000+200000
 34290 words of font info for 76 fonts, out of 3000000 for 9000
 1141 hyphenation exceptions out of 8191
 57i,12n,94p,1979b,595s stack positions out of 5000i,500n,10000p,200000b,50000s
{C:/Program Files/MiKTeX 2.9/fonts/enc/dvips/base/8r.enc}<C:/Program Files/Mi
KTeX 2.9/fonts/type1/public/amsfonts/cm/cmex10.pfb><C:/Program Files/MiKTeX 2.9
/fonts/type1/public/amsfonts/cmextra/cmex8.pfb><C:/Program Files/MiKTeX 2.9/fon
ts/type1/public/amsfonts/cm/cmmi10.pfb><C:/Program Files/MiKTeX 2.9/fonts/type1
/public/amsfonts/cm/cmmi6.pfb><C:/Program Files/MiKTeX 2.9/fonts/type1/public/a
msfonts/cm/cmmi8.pfb><C:/Program Files/MiKTeX 2.9/fonts/type1/public/amsfonts/c
m/cmr10.pfb><C:/Program Files/MiKTeX 2.9/fonts/type1/public/amsfonts/cm/cmr6.pf
b><C:/Program Files/MiKTeX 2.9/fonts/type1/public/amsfonts/cm/cmr7.pfb><C:/Prog
ram Files/MiKTeX 2.9/fonts/type1/public/amsfonts/cm/cmr8.pfb><C:/Program Files/
MiKTeX 2.9/fonts/type1/public/amsfonts/cm/cmsy10.pfb><C:/Program Files/MiKTeX 2
.9/fonts/type1/public/amsfonts/cm/cmsy6.pfb><C:/Program Files/MiKTeX 2.9/fonts/
type1/public/amsfonts/cm/cmsy8.pfb><C:/Program Files/MiKTeX 2.9/fonts/type1/urw
/courier/ucrr8a.pfb><C:/Program Files/MiKTeX 2.9/fonts/type1/urw/palatino/uplb8
a.pfb><C:/Program Files/MiKTeX 2.9/fonts/type1/urw/palatino/uplr8a.pfb><C:/Prog
ram Files/MiKTeX 2.9/fonts/type1/urw/palatino/uplr8a.pfb><C:/Program Files/MiKT
eX 2.9/fonts/type1/urw/palatino/uplri8a.pfb>
Output written on main_netxpto.pdf (57 pages, 1001512 bytes).
PDF statistics:
 782 PDF objects out of 1000 (max. 8388607)
 265 named destinations out of 1000 (max. 500000)
 312 words of extra memory for PDF output out of 10000 (max. 10000000)

