\BOOKMARK [0][-]{chapter.1}{Introduction}{}% 1
\BOOKMARK [0][-]{chapter.2}{Simulator Structure}{}% 2
\BOOKMARK [1][-]{section.2.1}{System}{chapter.2}% 3
\BOOKMARK [0][-]{chapter.3}{Development Cycle}{}% 4
\BOOKMARK [0][-]{chapter.4}{Visualizer}{}% 5
\BOOKMARK [0][-]{chapter.5}{Case Studies}{}% 6
\BOOKMARK [1][-]{section.5.1}{QPSK Transmitter}{chapter.5}% 7
\BOOKMARK [1][-]{section.5.2}{Quantum Noise}{chapter.5}% 8
\BOOKMARK [1][-]{section.5.3}{Continuos Variable Quantum Transmission System}{chapter.5}% 9
\BOOKMARK [1][-]{section.5.4}{Simplified Coherent Receiver}{chapter.5}% 10
\BOOKMARK [2][-]{subsection.5.4.1}{Kramers-Kronig receiver }{section.5.4}% 11
\BOOKMARK [2][-]{subsection.5.4.2}{KK Scheme}{section.5.4}% 12
\BOOKMARK [2][-]{subsection.5.4.3}{Tx side}{section.5.4}% 13
\BOOKMARK [2][-]{subsection.5.4.4}{Rx side}{section.5.4}% 14
\BOOKMARK [0][-]{chapter.6}{Library}{}% 15
\BOOKMARK [1][-]{section.6.1}{Add}{chapter.6}% 16
\BOOKMARK [1][-]{section.6.2}{Binary source}{chapter.6}% 17
\BOOKMARK [1][-]{section.6.3}{Clock}{chapter.6}% 18
\BOOKMARK [1][-]{section.6.4}{Coupler 2 by 2}{chapter.6}% 19
\BOOKMARK [1][-]{section.6.5}{Decoder}{chapter.6}% 20
\BOOKMARK [1][-]{section.6.6}{Discrete to continuous time}{chapter.6}% 21
\BOOKMARK [1][-]{section.6.7}{Homodyne receiver}{chapter.6}% 22
\BOOKMARK [1][-]{section.6.8}{IQ modulator}{chapter.6}% 23
\BOOKMARK [1][-]{section.6.9}{Local Oscillator}{chapter.6}% 24
\BOOKMARK [1][-]{section.6.10}{MQAM mapper}{chapter.6}% 25
\BOOKMARK [1][-]{section.6.11}{MQAM transmitter}{chapter.6}% 26
