\BOOKMARK [1][-]{section.1}{Introduction}{}% 1
\BOOKMARK [1][-]{section.2}{Functional Description}{}% 2
\BOOKMARK [1][-]{section.3}{Required files}{}% 3
\BOOKMARK [1][-]{section.4}{System Input Parameters}{}% 4
\BOOKMARK [1][-]{section.5}{Inputs}{}% 5
\BOOKMARK [1][-]{section.6}{Outputs}{}% 6
\BOOKMARK [2][-]{subsection.6.1}{BER evolution}{section.6}% 7
\BOOKMARK [1][-]{section.7}{Simulation Results}{}% 8
\BOOKMARK [2][-]{subsection.7.1}{BPSK with thermal noise}{section.7}% 9
\BOOKMARK [1][-]{section.8}{Block Description}{}% 10
\BOOKMARK [2][-]{subsection.8.1}{MQAM Transmitter}{section.8}% 11
\BOOKMARK [2][-]{subsection.8.2}{Homodyne Receiver}{section.8}% 12
\BOOKMARK [2][-]{subsection.8.3}{Bit Error Rate}{section.8}% 13
\BOOKMARK [2][-]{subsection.8.4}{Local Oscillator}{section.8}% 14
\BOOKMARK [2][-]{subsection.8.5}{Beam Splitter}{section.8}% 15
\BOOKMARK [2][-]{subsection.8.6}{Photodiode}{section.8}% 16
\BOOKMARK [2][-]{subsection.8.7}{Amplifier}{section.8}% 17
\BOOKMARK [2][-]{subsection.8.8}{Electrical Filter}{section.8}% 18
\BOOKMARK [2][-]{subsection.8.9}{Sampler}{section.8}% 19
\BOOKMARK [2][-]{subsection.8.10}{Bit Decider}{section.8}% 20
\BOOKMARK [2][-]{subsection.8.11}{Bit Error Rate}{section.8}% 21
\BOOKMARK [1][-]{section.9}{Known Problems}{}% 22
