\BOOKMARK [1][-]{section.1}{Introduction}{}% 1
\BOOKMARK [2][-]{subsection.1.1}{Single Homodyne setup}{section.1}% 2
\BOOKMARK [2][-]{subsection.1.2}{Double Homodyne setup}{section.1}% 3
\BOOKMARK [1][-]{section.2}{Functional Description}{}% 4
\BOOKMARK [1][-]{section.3}{Required files}{}% 5
\BOOKMARK [1][-]{section.4}{System Input Parameters}{}% 6
\BOOKMARK [1][-]{section.5}{Inputs}{}% 7
\BOOKMARK [1][-]{section.6}{Outputs}{}% 8
\BOOKMARK [1][-]{section.7}{Simulation Results}{}% 9
\BOOKMARK [2][-]{subsection.7.1}{Single homodyne results}{section.7}% 10
\BOOKMARK [2][-]{subsection.7.2}{Double homodyne results}{section.7}% 11
\BOOKMARK [1][-]{section.8}{Block Description}{}% 12
\BOOKMARK [2][-]{subsection.8.1}{Homodyne Receiver}{section.8}% 13
\BOOKMARK [2][-]{subsection.8.2}{Local Oscillator}{section.8}% 14
\BOOKMARK [2][-]{subsection.8.3}{Beam Splitter}{section.8}% 15
\BOOKMARK [2][-]{subsection.8.4}{90o Optical Hybrid}{section.8}% 16
\BOOKMARK [2][-]{subsection.8.5}{Photodiode}{section.8}% 17
\BOOKMARK [2][-]{subsection.8.6}{Amplifier}{section.8}% 18
\BOOKMARK [2][-]{subsection.8.7}{Electrical Filter}{section.8}% 19
\BOOKMARK [1][-]{section.9}{Known Problems}{}% 20
