Build started 26/02/2017 17:52:51.
     1>Project "C:\netxpto\Celestino\sdf\qpsk_transmitter\QPSK_Transmitter.vcxproj" on node 2 (Build target(s)).
     1>ClCompile:
         C:\Program Files (x86)\Microsoft Visual Studio 14.0\VC\bin\CL.exe /c /IC:\Universidade\Investigacao\netXPTO\GitHub\LinkPlanner\include /ZI /nologo /W3 /WX- /Od /Oy- /D WIN32 /D _DEBUG /D _CONSOLE /D _LIB /D _UNICODE /D UNICODE /Gm /EHsc /RTC1 /MDd /GS /fp:precise /Zc:wchar_t /Zc:forScope /Zc:inline /Fo"Debug\\" /Fd"Debug\vc140.pdb" /Gd /TP /analyze- /errorReport:prompt ..\..\lib\binary_source.cpp ..\..\lib\discrete_to_continuous_time.cpp ..\..\lib\iq_modulator.cpp ..\..\lib\m_qam_mapper.cpp ..\..\lib\netxpto.cpp ..\..\lib\pulse_shaper.cpp ..\..\lib\sink.cpp qpsk_transmitter_sdf.cpp
         qpsk_transmitter_sdf.cpp
     1>c:\netxpto\celestino\sdf\qpsk_transmitter\qpsk_transmitter_sdf.cpp(1): fatal error C1083: Cannot open include file: 'netxpto.h': No such file or directory
         sink.cpp
     1>c:\netxpto\celestino\lib\sink.cpp(1): fatal error C1083: Cannot open include file: 'netxpto.h': No such file or directory
         pulse_shaper.cpp
     1>c:\netxpto\celestino\lib\pulse_shaper.cpp(1): fatal error C1083: Cannot open include file: 'netxpto.h': No such file or directory
         netxpto.cpp
     1>c:\netxpto\celestino\lib\netxpto.cpp(11): fatal error C1083: Cannot open include file: 'netxpto.h': No such file or directory
         m_qam_mapper.cpp
     1>c:\netxpto\celestino\lib\m_qam_mapper.cpp(11): fatal error C1083: Cannot open include file: 'netxpto.h': No such file or directory
         iq_modulator.cpp
     1>c:\netxpto\celestino\lib\iq_modulator.cpp(3): fatal error C1083: Cannot open include file: 'netxpto.h': No such file or directory
         discrete_to_continuous_time.cpp
     1>c:\netxpto\celestino\lib\discrete_to_continuous_time.cpp(3): fatal error C1083: Cannot open include file: 'netxpto.h': No such file or directory
         binary_source.cpp
     1>c:\netxpto\celestino\lib\binary_source.cpp(12): fatal error C1083: Cannot open include file: 'netxpto.h': No such file or directory
         Generating Code...
     1>Done Building Project "C:\netxpto\Celestino\sdf\qpsk_transmitter\QPSK_Transmitter.vcxproj" (Build target(s)) -- FAILED.

Build FAILED.

Time Elapsed 00:00:02.00
