d:\netxpto\analuisa\sdf\qpsk_transmitter\debug\vc141.pdb
d:\netxpto\analuisa\sdf\qpsk_transmitter\debug\vc141.idb
d:\netxpto\analuisa\sdf\qpsk_transmitter\debug\binary_source.obj
d:\netxpto\analuisa\sdf\qpsk_transmitter\debug\discrete_to_continuous_time.obj
d:\netxpto\analuisa\sdf\qpsk_transmitter\debug\iq_modulator.obj
d:\netxpto\analuisa\sdf\qpsk_transmitter\debug\m_qam_mapper.obj
d:\netxpto\analuisa\sdf\qpsk_transmitter\debug\netxpto.obj
d:\netxpto\analuisa\sdf\qpsk_transmitter\debug\pulse_shaper.obj
d:\netxpto\analuisa\sdf\qpsk_transmitter\debug\sink.obj
d:\netxpto\analuisa\sdf\qpsk_transmitter\debug\qpsk_transmitter_sdf.obj
d:\netxpto\analuisa\sdf\qpsk_transmitter\debug\qpsk_transmitter.ilk
d:\netxpto\analuisa\sdf\qpsk_transmitter\debug\qpsk_transmitter.exe
d:\netxpto\analuisa\sdf\qpsk_transmitter\debug\qpsk_transmitter.pdb
c:\users\ana luisa\documents\github\analuisa\sdf\qpsk_transmitter\debug\binary_source.obj
c:\users\ana luisa\documents\github\analuisa\sdf\qpsk_transmitter\debug\discrete_to_continuous_time.obj
c:\users\ana luisa\documents\github\analuisa\sdf\qpsk_transmitter\debug\iq_modulator.obj
c:\users\ana luisa\documents\github\analuisa\sdf\qpsk_transmitter\debug\m_qam_mapper.obj
c:\users\ana luisa\documents\github\analuisa\sdf\qpsk_transmitter\debug\pulse_shaper.obj
c:\users\ana luisa\documents\github\analuisa\sdf\qpsk_transmitter\debug\qpsk_transmitter_sdf.obj
c:\users\ana luisa\documents\github\analuisa\sdf\qpsk_transmitter\debug\sink.obj
c:\users\ana luisa\documents\github\analuisa\sdf\qpsk_transmitter\debug\qpsk_transmitter.ilk
c:\users\ana luisa\documents\github\analuisa\sdf\qpsk_transmitter\debug\vc141.idb
c:\users\ana luisa\documents\github\analuisa\sdf\qpsk_transmitter\debug\qpsk_transmitter.pdb
c:\users\ana luisa\documents\github\analuisa\sdf\qpsk_transmitter\debug\qpsk_transmitter.exe
c:\users\ana luisa\documents\github\analuisa\sdf\qpsk_transmitter\debug\qpsk_transmitter.tlog\cl.command.1.tlog
c:\users\ana luisa\documents\github\analuisa\sdf\qpsk_transmitter\debug\qpsk_transmitter.tlog\cl.read.1.tlog
c:\users\ana luisa\documents\github\analuisa\sdf\qpsk_transmitter\debug\qpsk_transmitter.tlog\cl.write.1.tlog
c:\users\ana luisa\documents\github\analuisa\sdf\qpsk_transmitter\debug\qpsk_transmitter.tlog\link.command.1.tlog
c:\users\ana luisa\documents\github\analuisa\sdf\qpsk_transmitter\debug\qpsk_transmitter.tlog\link.read.1.tlog
c:\users\ana luisa\documents\github\analuisa\sdf\qpsk_transmitter\debug\qpsk_transmitter.tlog\link.write.1.tlog
