d:\netxpto\linkplanner\sdf\cv_transmission_system_beat_frequency_study\debug\vc141.pdb
d:\netxpto\linkplanner\sdf\cv_transmission_system_beat_frequency_study\debug\vc141.idb
d:\netxpto\linkplanner\sdf\cv_transmission_system_beat_frequency_study\debug\discarder.obj
d:\netxpto\linkplanner\sdf\cv_transmission_system_beat_frequency_study\debug\discrete_to_continuous_time.obj
d:\netxpto\linkplanner\sdf\cv_transmission_system_beat_frequency_study\debug\electrical_filter.obj
d:\netxpto\linkplanner\sdf\cv_transmission_system_beat_frequency_study\debug\ideal_amplifier.obj
d:\netxpto\linkplanner\sdf\cv_transmission_system_beat_frequency_study\debug\iq_modulator.obj
d:\netxpto\linkplanner\sdf\cv_transmission_system_beat_frequency_study\debug\i_homodyne_receiver.obj
d:\netxpto\linkplanner\sdf\cv_transmission_system_beat_frequency_study\debug\local_oscillator.obj
d:\netxpto\linkplanner\sdf\cv_transmission_system_beat_frequency_study\debug\m_qam_mapper.obj
d:\netxpto\linkplanner\sdf\cv_transmission_system_beat_frequency_study\debug\m_qam_transmitter.obj
d:\netxpto\linkplanner\sdf\cv_transmission_system_beat_frequency_study\debug\netxpto.obj
d:\netxpto\linkplanner\sdf\cv_transmission_system_beat_frequency_study\debug\optical_hybrid.obj
d:\netxpto\linkplanner\sdf\cv_transmission_system_beat_frequency_study\debug\photodiode.obj
d:\netxpto\linkplanner\sdf\cv_transmission_system_beat_frequency_study\debug\pulse_shaper.obj
d:\netxpto\linkplanner\sdf\cv_transmission_system_beat_frequency_study\debug\sampler.obj
d:\netxpto\linkplanner\sdf\cv_transmission_system_beat_frequency_study\debug\sink.obj
d:\netxpto\linkplanner\sdf\cv_transmission_system_beat_frequency_study\debug\super_block_interface.obj
d:\netxpto\linkplanner\sdf\cv_transmission_system_beat_frequency_study\debug\testblock.obj
d:\netxpto\linkplanner\sdf\cv_transmission_system_beat_frequency_study\debug\ti_amplifier.obj
d:\netxpto\linkplanner\sdf\cv_transmission_system_beat_frequency_study\debug\white_noise.obj
d:\netxpto\linkplanner\sdf\cv_transmission_system_beat_frequency_study\debug\cv_transmission_system_sdf.obj
d:\netxpto\linkplanner\sdf\cv_transmission_system_beat_frequency_study\debug\add.obj
d:\netxpto\linkplanner\sdf\cv_transmission_system_beat_frequency_study\debug\balanced_beam_splitter.obj
d:\netxpto\linkplanner\sdf\cv_transmission_system_beat_frequency_study\debug\binary_source.obj
d:\netxpto\linkplanner\sdf\cv_transmission_system_beat_frequency_study\debug\bit_decider.obj
d:\netxpto\linkplanner\sdf\cv_transmission_system_beat_frequency_study\debug\bit_error_rate.obj
d:\netxpto\linkplanner\sdf\cv_transmission_system_beat_frequency_study\debug\cv_transmission_system.ilk
d:\netxpto\linkplanner\sdf\cv_transmission_system_beat_frequency_study\debug\cv_transmission_system.exe
d:\netxpto\linkplanner\sdf\cv_transmission_system_beat_frequency_study\debug\cv_transmission_system.pdb
d:\netxpto\linkplanner\sdf\cv_transmission_system_beat_frequency_study\debug\cv_trans.dafd9cc4.tlog\cl.command.1.tlog
d:\netxpto\linkplanner\sdf\cv_transmission_system_beat_frequency_study\debug\cv_trans.dafd9cc4.tlog\cl.read.1.tlog
d:\netxpto\linkplanner\sdf\cv_transmission_system_beat_frequency_study\debug\cv_trans.dafd9cc4.tlog\cl.write.1.tlog
d:\netxpto\linkplanner\sdf\cv_transmission_system_beat_frequency_study\debug\cv_trans.dafd9cc4.tlog\link.command.1.tlog
d:\netxpto\linkplanner\sdf\cv_transmission_system_beat_frequency_study\debug\cv_trans.dafd9cc4.tlog\link.read.1.tlog
d:\netxpto\linkplanner\sdf\cv_transmission_system_beat_frequency_study\debug\cv_trans.dafd9cc4.tlog\link.write.1.tlog
